The system is: Darwin - 17.0.0 - x86_64
Compiling the C compiler identification source file "CMakeCCompilerId.c" succeeded.
Compiler: /usr/local/bin/mpicc 
Build flags: -fomit-frame-pointer;-funroll-loops;;-ffast-math;-Ofast;-fno-signed-zeros;-ffp-contract=fast;-mmmx;-msse;-flto;-maes;-march=native;;
Id flags:  

The output was:
0


Compilation of the C compiler identification source "CMakeCCompilerId.c" produced "a.out"

The C compiler identification is AppleClang, found in "/Users/dojo/py/ceres-solver/build/CMakeFiles/3.9.2/CompilerIdC/a.out"

Compiling the CXX compiler identification source file "CMakeCXXCompilerId.cpp" succeeded.
Compiler: /usr/local/bin/mpicxx 
Build flags: 
Id flags:  

The output was:
0


Compilation of the CXX compiler identification source "CMakeCXXCompilerId.cpp" produced "a.out"

The CXX compiler identification is AppleClang, found in "/Users/dojo/py/ceres-solver/build/CMakeFiles/3.9.2/CompilerIdCXX/a.out"

Determining if the C compiler works passed with the following output:
Change Dir: /Users/dojo/py/ceres-solver/build/CMakeFiles/CMakeTmp

Run Build Command:"/usr/local/bin/gmake" "cmTC_9b8a1/fast"
/usr/local/bin/gmake -f CMakeFiles/cmTC_9b8a1.dir/build.make CMakeFiles/cmTC_9b8a1.dir/build
gmake[1]: Entering directory '/Users/dojo/py/ceres-solver/build/CMakeFiles/CMakeTmp'
Building C object CMakeFiles/cmTC_9b8a1.dir/testCCompiler.c.o
/usr/local/bin/mpicc   -fomit-frame-pointer -funroll-loops  -ffast-math -Ofast -fno-signed-zeros -ffp-contract=fast -mmmx -msse -flto -maes -march=native  -isysroot /Applications/Xcode.app/Contents/Developer/Platforms/MacOSX.platform/Developer/SDKs/MacOSX10.13.sdk -mmacosx-version-min=10.13   -o CMakeFiles/cmTC_9b8a1.dir/testCCompiler.c.o   -c /Users/dojo/py/ceres-solver/build/CMakeFiles/CMakeTmp/testCCompiler.c
Linking C executable cmTC_9b8a1
/usr/local/Cellar/cmake/3.9.2/bin/cmake -E cmake_link_script CMakeFiles/cmTC_9b8a1.dir/link.txt --verbose=1
/usr/local/bin/mpicc -fomit-frame-pointer -funroll-loops  -ffast-math -Ofast -fno-signed-zeros -ffp-contract=fast -mmmx -msse -flto -maes -march=native  -isysroot /Applications/Xcode.app/Contents/Developer/Platforms/MacOSX.platform/Developer/SDKs/MacOSX10.13.sdk -mmacosx-version-min=10.13 -Wl,-search_paths_first -Wl,-headerpad_max_install_names -L/usr/local/opt/tbb/lib -L/usr/local/opt/grt/lib -L/usr/local/opt/bison/lib -L/usr/local/opt/gettext/lib -L/usr/local/opt/zlib/lib -L/usr/local/opt/openblas/lib -L/usr/local/opt/openssl@1.1/lib -L/usr/local/opt/sqlite/lib -L/usr/local/opt/readline/lib -L/usr/local/opt/lapack/lib -L/usr/local/opt/open-mpi/lib -L/usr/local/opt/binutils/lib -L/usr/local/opt/boost/lib -L/usr/local/opt/llvm/lib -L/opt/X11/lib -L/usr/local/Cellar/gcc/7.2.0/lib/gcc/7  -L/usr/local/cuda/lib -L/usr/local/cuda/nvvm/lib  CMakeFiles/cmTC_9b8a1.dir/testCCompiler.c.o  -o cmTC_9b8a1 
gmake[1]: Leaving directory '/Users/dojo/py/ceres-solver/build/CMakeFiles/CMakeTmp'


Detecting C compiler ABI info compiled with the following output:
Change Dir: /Users/dojo/py/ceres-solver/build/CMakeFiles/CMakeTmp

Run Build Command:"/usr/local/bin/gmake" "cmTC_c6edb/fast"
/usr/local/bin/gmake -f CMakeFiles/cmTC_c6edb.dir/build.make CMakeFiles/cmTC_c6edb.dir/build
gmake[1]: Entering directory '/Users/dojo/py/ceres-solver/build/CMakeFiles/CMakeTmp'
Building C object CMakeFiles/cmTC_c6edb.dir/CMakeCCompilerABI.c.o
/usr/local/bin/mpicc   -fomit-frame-pointer -funroll-loops  -ffast-math -Ofast -fno-signed-zeros -ffp-contract=fast -mmmx -msse -flto -maes -march=native  -isysroot /Applications/Xcode.app/Contents/Developer/Platforms/MacOSX.platform/Developer/SDKs/MacOSX10.13.sdk -mmacosx-version-min=10.13   -o CMakeFiles/cmTC_c6edb.dir/CMakeCCompilerABI.c.o   -c /usr/local/Cellar/cmake/3.9.2/share/cmake/Modules/CMakeCCompilerABI.c
Linking C executable cmTC_c6edb
/usr/local/Cellar/cmake/3.9.2/bin/cmake -E cmake_link_script CMakeFiles/cmTC_c6edb.dir/link.txt --verbose=1
/usr/local/bin/mpicc -fomit-frame-pointer -funroll-loops  -ffast-math -Ofast -fno-signed-zeros -ffp-contract=fast -mmmx -msse -flto -maes -march=native  -isysroot /Applications/Xcode.app/Contents/Developer/Platforms/MacOSX.platform/Developer/SDKs/MacOSX10.13.sdk -mmacosx-version-min=10.13 -Wl,-search_paths_first -Wl,-headerpad_max_install_names -L/usr/local/opt/tbb/lib -L/usr/local/opt/grt/lib -L/usr/local/opt/bison/lib -L/usr/local/opt/gettext/lib -L/usr/local/opt/zlib/lib -L/usr/local/opt/openblas/lib -L/usr/local/opt/openssl@1.1/lib -L/usr/local/opt/sqlite/lib -L/usr/local/opt/readline/lib -L/usr/local/opt/lapack/lib -L/usr/local/opt/open-mpi/lib -L/usr/local/opt/binutils/lib -L/usr/local/opt/boost/lib -L/usr/local/opt/llvm/lib -L/opt/X11/lib -L/usr/local/Cellar/gcc/7.2.0/lib/gcc/7  -L/usr/local/cuda/lib -L/usr/local/cuda/nvvm/lib -v -Wl,-v CMakeFiles/cmTC_c6edb.dir/CMakeCCompilerABI.c.o  -o cmTC_c6edb 
Apple LLVM version 9.0.0 (clang-900.0.22.8)
Target: x86_64-apple-darwin17.0.0
Thread model: posix
InstalledDir: /Applications/Xcode.app/Contents/Developer/Toolchains/XcodeDefault.xctoolchain/usr/bin
Found CUDA installation: /usr/local/cuda, version 8.0
 "/Applications/Xcode.app/Contents/Developer/Toolchains/XcodeDefault.xctoolchain/usr/bin/ld" -demangle -lto_library /Applications/Xcode.app/Contents/Developer/Toolchains/XcodeDefault.xctoolchain/usr/lib/libLTO.dylib -dynamic -arch x86_64 -macosx_version_min 10.13.0 -syslibroot /Applications/Xcode.app/Contents/Developer/Platforms/MacOSX.platform/Developer/SDKs/MacOSX10.13.sdk -o cmTC_c6edb -L/usr/local/opt/tbb/lib -L/usr/local/opt/grt/lib -L/usr/local/opt/bison/lib -L/usr/local/opt/gettext/lib -L/usr/local/opt/zlib/lib -L/usr/local/opt/openblas/lib -L/usr/local/opt/openssl@1.1/lib -L/usr/local/opt/sqlite/lib -L/usr/local/opt/readline/lib -L/usr/local/opt/lapack/lib -L/usr/local/opt/open-mpi/lib -L/usr/local/opt/binutils/lib -L/usr/local/opt/boost/lib -L/usr/local/opt/llvm/lib -L/opt/X11/lib -L/usr/local/Cellar/gcc/7.2.0/lib/gcc/7 -L/usr/local/cuda/lib -L/usr/local/cuda/nvvm/lib -L/usr/local/opt/libevent/lib -L/usr/local/Cellar/open-mpi/2.1.1/lib -search_paths_first -headerpad_max_install_names -v CMakeFiles/cmTC_c6edb.dir/CMakeCCompilerABI.c.o -lmpi -lSystem /Applications/Xcode.app/Contents/Developer/Toolchains/XcodeDefault.xctoolchain/usr/lib/clang/9.0.0/lib/darwin/libclang_rt.osx.a
@(#)PROGRAM:ld  PROJECT:ld64-301.1
configured to support archs: armv6 armv7 armv7s arm64 i386 x86_64 x86_64h armv6m armv7k armv7m armv7em (tvOS)
Library search paths:
	/usr/local/opt/tbb/lib
	/usr/local/opt/grt/lib
	/usr/local/opt/bison/lib
	/usr/local/opt/gettext/lib
	/usr/local/opt/zlib/lib
	/usr/local/opt/openblas/lib
	/usr/local/opt/openssl@1.1/lib
	/usr/local/opt/sqlite/lib
	/usr/local/opt/readline/lib
	/usr/local/opt/lapack/lib
	/usr/local/opt/open-mpi/lib
	/usr/local/opt/binutils/lib
	/usr/local/opt/boost/lib
	/usr/local/opt/llvm/lib
	/opt/X11/lib
	/usr/local/Cellar/gcc/7.2.0/lib/gcc/7
	/usr/local/cuda/lib
	/usr/local/cuda/nvvm/lib
	/usr/local/opt/libevent/lib
	/usr/local/Cellar/open-mpi/2.1.1/lib
	/Applications/Xcode.app/Contents/Developer/Platforms/MacOSX.platform/Developer/SDKs/MacOSX10.13.sdk/usr/lib
Framework search paths:
	/Applications/Xcode.app/Contents/Developer/Platforms/MacOSX.platform/Developer/SDKs/MacOSX10.13.sdk/System/Library/Frameworks/
LLVM version 9.0.0, (clang-900.0.22.8)
gmake[1]: Leaving directory '/Users/dojo/py/ceres-solver/build/CMakeFiles/CMakeTmp'


Parsed C implicit link information from above output:
  link line regex: [^( *|.*[/\])(ld|CMAKE_LINK_STARTFILE-NOTFOUND|([^/\]+-)?ld|collect2)[^/\]*( |$)]
  ignore line: [Change Dir: /Users/dojo/py/ceres-solver/build/CMakeFiles/CMakeTmp]
  ignore line: []
  ignore line: [Run Build Command:"/usr/local/bin/gmake" "cmTC_c6edb/fast"]
  ignore line: [/usr/local/bin/gmake -f CMakeFiles/cmTC_c6edb.dir/build.make CMakeFiles/cmTC_c6edb.dir/build]
  ignore line: [gmake[1]: Entering directory '/Users/dojo/py/ceres-solver/build/CMakeFiles/CMakeTmp']
  ignore line: [Building C object CMakeFiles/cmTC_c6edb.dir/CMakeCCompilerABI.c.o]
  ignore line: [/usr/local/bin/mpicc   -fomit-frame-pointer -funroll-loops  -ffast-math -Ofast -fno-signed-zeros -ffp-contract=fast -mmmx -msse -flto -maes -march=native  -isysroot /Applications/Xcode.app/Contents/Developer/Platforms/MacOSX.platform/Developer/SDKs/MacOSX10.13.sdk -mmacosx-version-min=10.13   -o CMakeFiles/cmTC_c6edb.dir/CMakeCCompilerABI.c.o   -c /usr/local/Cellar/cmake/3.9.2/share/cmake/Modules/CMakeCCompilerABI.c]
  ignore line: [Linking C executable cmTC_c6edb]
  ignore line: [/usr/local/Cellar/cmake/3.9.2/bin/cmake -E cmake_link_script CMakeFiles/cmTC_c6edb.dir/link.txt --verbose=1]
  ignore line: [/usr/local/bin/mpicc -fomit-frame-pointer -funroll-loops  -ffast-math -Ofast -fno-signed-zeros -ffp-contract=fast -mmmx -msse -flto -maes -march=native  -isysroot /Applications/Xcode.app/Contents/Developer/Platforms/MacOSX.platform/Developer/SDKs/MacOSX10.13.sdk -mmacosx-version-min=10.13 -Wl,-search_paths_first -Wl,-headerpad_max_install_names -L/usr/local/opt/tbb/lib -L/usr/local/opt/grt/lib -L/usr/local/opt/bison/lib -L/usr/local/opt/gettext/lib -L/usr/local/opt/zlib/lib -L/usr/local/opt/openblas/lib -L/usr/local/opt/openssl@1.1/lib -L/usr/local/opt/sqlite/lib -L/usr/local/opt/readline/lib -L/usr/local/opt/lapack/lib -L/usr/local/opt/open-mpi/lib -L/usr/local/opt/binutils/lib -L/usr/local/opt/boost/lib -L/usr/local/opt/llvm/lib -L/opt/X11/lib -L/usr/local/Cellar/gcc/7.2.0/lib/gcc/7  -L/usr/local/cuda/lib -L/usr/local/cuda/nvvm/lib -v -Wl,-v CMakeFiles/cmTC_c6edb.dir/CMakeCCompilerABI.c.o  -o cmTC_c6edb ]
  ignore line: [Apple LLVM version 9.0.0 (clang-900.0.22.8)]
  ignore line: [Target: x86_64-apple-darwin17.0.0]
  ignore line: [Thread model: posix]
  ignore line: [InstalledDir: /Applications/Xcode.app/Contents/Developer/Toolchains/XcodeDefault.xctoolchain/usr/bin]
  ignore line: [Found CUDA installation: /usr/local/cuda, version 8.0]
  link line: [ "/Applications/Xcode.app/Contents/Developer/Toolchains/XcodeDefault.xctoolchain/usr/bin/ld" -demangle -lto_library /Applications/Xcode.app/Contents/Developer/Toolchains/XcodeDefault.xctoolchain/usr/lib/libLTO.dylib -dynamic -arch x86_64 -macosx_version_min 10.13.0 -syslibroot /Applications/Xcode.app/Contents/Developer/Platforms/MacOSX.platform/Developer/SDKs/MacOSX10.13.sdk -o cmTC_c6edb -L/usr/local/opt/tbb/lib -L/usr/local/opt/grt/lib -L/usr/local/opt/bison/lib -L/usr/local/opt/gettext/lib -L/usr/local/opt/zlib/lib -L/usr/local/opt/openblas/lib -L/usr/local/opt/openssl@1.1/lib -L/usr/local/opt/sqlite/lib -L/usr/local/opt/readline/lib -L/usr/local/opt/lapack/lib -L/usr/local/opt/open-mpi/lib -L/usr/local/opt/binutils/lib -L/usr/local/opt/boost/lib -L/usr/local/opt/llvm/lib -L/opt/X11/lib -L/usr/local/Cellar/gcc/7.2.0/lib/gcc/7 -L/usr/local/cuda/lib -L/usr/local/cuda/nvvm/lib -L/usr/local/opt/libevent/lib -L/usr/local/Cellar/open-mpi/2.1.1/lib -search_paths_first -headerpad_max_install_names -v CMakeFiles/cmTC_c6edb.dir/CMakeCCompilerABI.c.o -lmpi -lSystem /Applications/Xcode.app/Contents/Developer/Toolchains/XcodeDefault.xctoolchain/usr/lib/clang/9.0.0/lib/darwin/libclang_rt.osx.a]
    arg [/Applications/Xcode.app/Contents/Developer/Toolchains/XcodeDefault.xctoolchain/usr/bin/ld] ==> ignore
    arg [-demangle] ==> ignore
    arg [-lto_library] ==> ignore, skip following value
    arg [/Applications/Xcode.app/Contents/Developer/Toolchains/XcodeDefault.xctoolchain/usr/lib/libLTO.dylib] ==> skip value of -lto_library
    arg [-dynamic] ==> ignore
    arg [-arch] ==> ignore
    arg [x86_64] ==> ignore
    arg [-macosx_version_min] ==> ignore
    arg [10.13.0] ==> ignore
    arg [-syslibroot] ==> ignore
    arg [/Applications/Xcode.app/Contents/Developer/Platforms/MacOSX.platform/Developer/SDKs/MacOSX10.13.sdk] ==> ignore
    arg [-o] ==> ignore
    arg [cmTC_c6edb] ==> ignore
    arg [-L/usr/local/opt/tbb/lib] ==> dir [/usr/local/opt/tbb/lib]
    arg [-L/usr/local/opt/grt/lib] ==> dir [/usr/local/opt/grt/lib]
    arg [-L/usr/local/opt/bison/lib] ==> dir [/usr/local/opt/bison/lib]
    arg [-L/usr/local/opt/gettext/lib] ==> dir [/usr/local/opt/gettext/lib]
    arg [-L/usr/local/opt/zlib/lib] ==> dir [/usr/local/opt/zlib/lib]
    arg [-L/usr/local/opt/openblas/lib] ==> dir [/usr/local/opt/openblas/lib]
    arg [-L/usr/local/opt/openssl@1.1/lib] ==> dir [/usr/local/opt/openssl@1.1/lib]
    arg [-L/usr/local/opt/sqlite/lib] ==> dir [/usr/local/opt/sqlite/lib]
    arg [-L/usr/local/opt/readline/lib] ==> dir [/usr/local/opt/readline/lib]
    arg [-L/usr/local/opt/lapack/lib] ==> dir [/usr/local/opt/lapack/lib]
    arg [-L/usr/local/opt/open-mpi/lib] ==> dir [/usr/local/opt/open-mpi/lib]
    arg [-L/usr/local/opt/binutils/lib] ==> dir [/usr/local/opt/binutils/lib]
    arg [-L/usr/local/opt/boost/lib] ==> dir [/usr/local/opt/boost/lib]
    arg [-L/usr/local/opt/llvm/lib] ==> dir [/usr/local/opt/llvm/lib]
    arg [-L/opt/X11/lib] ==> dir [/opt/X11/lib]
    arg [-L/usr/local/Cellar/gcc/7.2.0/lib/gcc/7] ==> dir [/usr/local/Cellar/gcc/7.2.0/lib/gcc/7]
    arg [-L/usr/local/cuda/lib] ==> dir [/usr/local/cuda/lib]
    arg [-L/usr/local/cuda/nvvm/lib] ==> dir [/usr/local/cuda/nvvm/lib]
    arg [-L/usr/local/opt/libevent/lib] ==> dir [/usr/local/opt/libevent/lib]
    arg [-L/usr/local/Cellar/open-mpi/2.1.1/lib] ==> dir [/usr/local/Cellar/open-mpi/2.1.1/lib]
    arg [-search_paths_first] ==> ignore
    arg [-headerpad_max_install_names] ==> ignore
    arg [-v] ==> ignore
    arg [CMakeFiles/cmTC_c6edb.dir/CMakeCCompilerABI.c.o] ==> ignore
    arg [-lmpi] ==> lib [mpi]
    arg [-lSystem] ==> lib [System]
    arg [/Applications/Xcode.app/Contents/Developer/Toolchains/XcodeDefault.xctoolchain/usr/lib/clang/9.0.0/lib/darwin/libclang_rt.osx.a] ==> lib [/Applications/Xcode.app/Contents/Developer/Toolchains/XcodeDefault.xctoolchain/usr/lib/clang/9.0.0/lib/darwin/libclang_rt.osx.a]
  Library search paths: [;/usr/local/opt/tbb/lib;/usr/local/opt/grt/lib;/usr/local/opt/bison/lib;/usr/local/opt/gettext/lib;/usr/local/opt/zlib/lib;/usr/local/opt/openblas/lib;/usr/local/opt/openssl@1.1/lib;/usr/local/opt/sqlite/lib;/usr/local/opt/readline/lib;/usr/local/opt/lapack/lib;/usr/local/opt/open-mpi/lib;/usr/local/opt/binutils/lib;/usr/local/opt/boost/lib;/usr/local/opt/llvm/lib;/opt/X11/lib;/usr/local/Cellar/gcc/7.2.0/lib/gcc/7;/usr/local/cuda/lib;/usr/local/cuda/nvvm/lib;/usr/local/opt/libevent/lib;/usr/local/Cellar/open-mpi/2.1.1/lib;/Applications/Xcode.app/Contents/Developer/Platforms/MacOSX.platform/Developer/SDKs/MacOSX10.13.sdk/usr/lib]
  Framework search paths: [;/Applications/Xcode.app/Contents/Developer/Platforms/MacOSX.platform/Developer/SDKs/MacOSX10.13.sdk/System/Library/Frameworks/]
  remove lib [System]
  remove lib [/Applications/Xcode.app/Contents/Developer/Toolchains/XcodeDefault.xctoolchain/usr/lib/clang/9.0.0/lib/darwin/libclang_rt.osx.a]
  collapse library dir [/usr/local/opt/tbb/lib] ==> [/usr/local/opt/tbb/lib]
  collapse library dir [/usr/local/opt/grt/lib] ==> [/usr/local/opt/grt/lib]
  collapse library dir [/usr/local/opt/bison/lib] ==> [/usr/local/opt/bison/lib]
  collapse library dir [/usr/local/opt/gettext/lib] ==> [/usr/local/opt/gettext/lib]
  collapse library dir [/usr/local/opt/zlib/lib] ==> [/usr/local/opt/zlib/lib]
  collapse library dir [/usr/local/opt/openblas/lib] ==> [/usr/local/opt/openblas/lib]
  collapse library dir [/usr/local/opt/openssl@1.1/lib] ==> [/usr/local/opt/openssl@1.1/lib]
  collapse library dir [/usr/local/opt/sqlite/lib] ==> [/usr/local/opt/sqlite/lib]
  collapse library dir [/usr/local/opt/readline/lib] ==> [/usr/local/opt/readline/lib]
  collapse library dir [/usr/local/opt/lapack/lib] ==> [/usr/local/opt/lapack/lib]
  collapse library dir [/usr/local/opt/open-mpi/lib] ==> [/usr/local/opt/open-mpi/lib]
  collapse library dir [/usr/local/opt/binutils/lib] ==> [/usr/local/opt/binutils/lib]
  collapse library dir [/usr/local/opt/boost/lib] ==> [/usr/local/opt/boost/lib]
  collapse library dir [/usr/local/opt/llvm/lib] ==> [/usr/local/opt/llvm/lib]
  collapse library dir [/opt/X11/lib] ==> [/opt/X11/lib]
  collapse library dir [/usr/local/Cellar/gcc/7.2.0/lib/gcc/7] ==> [/usr/local/Cellar/gcc/7.2.0/lib/gcc/7]
  collapse library dir [/usr/local/cuda/lib] ==> [/usr/local/cuda/lib]
  collapse library dir [/usr/local/cuda/nvvm/lib] ==> [/usr/local/cuda/nvvm/lib]
  collapse library dir [/usr/local/opt/libevent/lib] ==> [/usr/local/opt/libevent/lib]
  collapse library dir [/usr/local/Cellar/open-mpi/2.1.1/lib] ==> [/usr/local/Cellar/open-mpi/2.1.1/lib]
  collapse library dir [/usr/local/opt/tbb/lib] ==> [/usr/local/opt/tbb/lib]
  collapse library dir [/usr/local/opt/grt/lib] ==> [/usr/local/opt/grt/lib]
  collapse library dir [/usr/local/opt/bison/lib] ==> [/usr/local/opt/bison/lib]
  collapse library dir [/usr/local/opt/gettext/lib] ==> [/usr/local/opt/gettext/lib]
  collapse library dir [/usr/local/opt/zlib/lib] ==> [/usr/local/opt/zlib/lib]
  collapse library dir [/usr/local/opt/openblas/lib] ==> [/usr/local/opt/openblas/lib]
  collapse library dir [/usr/local/opt/openssl@1.1/lib] ==> [/usr/local/opt/openssl@1.1/lib]
  collapse library dir [/usr/local/opt/sqlite/lib] ==> [/usr/local/opt/sqlite/lib]
  collapse library dir [/usr/local/opt/readline/lib] ==> [/usr/local/opt/readline/lib]
  collapse library dir [/usr/local/opt/lapack/lib] ==> [/usr/local/opt/lapack/lib]
  collapse library dir [/usr/local/opt/open-mpi/lib] ==> [/usr/local/opt/open-mpi/lib]
  collapse library dir [/usr/local/opt/binutils/lib] ==> [/usr/local/opt/binutils/lib]
  collapse library dir [/usr/local/opt/boost/lib] ==> [/usr/local/opt/boost/lib]
  collapse library dir [/usr/local/opt/llvm/lib] ==> [/usr/local/opt/llvm/lib]
  collapse library dir [/opt/X11/lib] ==> [/opt/X11/lib]
  collapse library dir [/usr/local/Cellar/gcc/7.2.0/lib/gcc/7] ==> [/usr/local/Cellar/gcc/7.2.0/lib/gcc/7]
  collapse library dir [/usr/local/cuda/lib] ==> [/usr/local/cuda/lib]
  collapse library dir [/usr/local/cuda/nvvm/lib] ==> [/usr/local/cuda/nvvm/lib]
  collapse library dir [/usr/local/opt/libevent/lib] ==> [/usr/local/opt/libevent/lib]
  collapse library dir [/usr/local/Cellar/open-mpi/2.1.1/lib] ==> [/usr/local/Cellar/open-mpi/2.1.1/lib]
  collapse library dir [/Applications/Xcode.app/Contents/Developer/Platforms/MacOSX.platform/Developer/SDKs/MacOSX10.13.sdk/usr/lib] ==> [/Applications/Xcode.app/Contents/Developer/Platforms/MacOSX.platform/Developer/SDKs/MacOSX10.13.sdk/usr/lib]
  collapse framework dir [/Applications/Xcode.app/Contents/Developer/Platforms/MacOSX.platform/Developer/SDKs/MacOSX10.13.sdk/System/Library/Frameworks/] ==> [/Applications/Xcode.app/Contents/Developer/Platforms/MacOSX.platform/Developer/SDKs/MacOSX10.13.sdk/System/Library/Frameworks]
  implicit libs: [mpi]
  implicit dirs: [/usr/local/opt/tbb/lib;/usr/local/opt/grt/lib;/usr/local/opt/bison/lib;/usr/local/opt/gettext/lib;/usr/local/opt/zlib/lib;/usr/local/opt/openblas/lib;/usr/local/opt/openssl@1.1/lib;/usr/local/opt/sqlite/lib;/usr/local/opt/readline/lib;/usr/local/opt/lapack/lib;/usr/local/opt/open-mpi/lib;/usr/local/opt/binutils/lib;/usr/local/opt/boost/lib;/usr/local/opt/llvm/lib;/opt/X11/lib;/usr/local/Cellar/gcc/7.2.0/lib/gcc/7;/usr/local/cuda/lib;/usr/local/cuda/nvvm/lib;/usr/local/opt/libevent/lib;/usr/local/Cellar/open-mpi/2.1.1/lib;/Applications/Xcode.app/Contents/Developer/Platforms/MacOSX.platform/Developer/SDKs/MacOSX10.13.sdk/usr/lib]
  implicit fwks: [/Applications/Xcode.app/Contents/Developer/Platforms/MacOSX.platform/Developer/SDKs/MacOSX10.13.sdk/System/Library/Frameworks]




Detecting C [-std=c11] compiler features compiled with the following output:
Change Dir: /Users/dojo/py/ceres-solver/build/CMakeFiles/CMakeTmp

Run Build Command:"/usr/local/bin/gmake" "cmTC_1e2d2/fast"
/usr/local/bin/gmake -f CMakeFiles/cmTC_1e2d2.dir/build.make CMakeFiles/cmTC_1e2d2.dir/build
gmake[1]: Entering directory '/Users/dojo/py/ceres-solver/build/CMakeFiles/CMakeTmp'
Building C object CMakeFiles/cmTC_1e2d2.dir/feature_tests.c.o
/usr/local/bin/mpicc   -fomit-frame-pointer -funroll-loops  -ffast-math -Ofast -fno-signed-zeros -ffp-contract=fast -mmmx -msse -flto -maes -march=native  -isysroot /Applications/Xcode.app/Contents/Developer/Platforms/MacOSX.platform/Developer/SDKs/MacOSX10.13.sdk -mmacosx-version-min=10.13   -std=c11 -o CMakeFiles/cmTC_1e2d2.dir/feature_tests.c.o   -c /Users/dojo/py/ceres-solver/build/CMakeFiles/feature_tests.c
Linking C executable cmTC_1e2d2
/usr/local/Cellar/cmake/3.9.2/bin/cmake -E cmake_link_script CMakeFiles/cmTC_1e2d2.dir/link.txt --verbose=1
/usr/local/bin/mpicc -fomit-frame-pointer -funroll-loops  -ffast-math -Ofast -fno-signed-zeros -ffp-contract=fast -mmmx -msse -flto -maes -march=native  -isysroot /Applications/Xcode.app/Contents/Developer/Platforms/MacOSX.platform/Developer/SDKs/MacOSX10.13.sdk -mmacosx-version-min=10.13 -Wl,-search_paths_first -Wl,-headerpad_max_install_names -L/usr/local/opt/tbb/lib -L/usr/local/opt/grt/lib -L/usr/local/opt/bison/lib -L/usr/local/opt/gettext/lib -L/usr/local/opt/zlib/lib -L/usr/local/opt/openblas/lib -L/usr/local/opt/openssl@1.1/lib -L/usr/local/opt/sqlite/lib -L/usr/local/opt/readline/lib -L/usr/local/opt/lapack/lib -L/usr/local/opt/open-mpi/lib -L/usr/local/opt/binutils/lib -L/usr/local/opt/boost/lib -L/usr/local/opt/llvm/lib -L/opt/X11/lib -L/usr/local/Cellar/gcc/7.2.0/lib/gcc/7  -L/usr/local/cuda/lib -L/usr/local/cuda/nvvm/lib  CMakeFiles/cmTC_1e2d2.dir/feature_tests.c.o  -o cmTC_1e2d2 
gmake[1]: Leaving directory '/Users/dojo/py/ceres-solver/build/CMakeFiles/CMakeTmp'


    Feature record: C_FEATURE:1c_function_prototypes
    Feature record: C_FEATURE:1c_restrict
    Feature record: C_FEATURE:1c_static_assert
    Feature record: C_FEATURE:1c_variadic_macros


Detecting C [-std=c99] compiler features compiled with the following output:
Change Dir: /Users/dojo/py/ceres-solver/build/CMakeFiles/CMakeTmp

Run Build Command:"/usr/local/bin/gmake" "cmTC_c9b0d/fast"
/usr/local/bin/gmake -f CMakeFiles/cmTC_c9b0d.dir/build.make CMakeFiles/cmTC_c9b0d.dir/build
gmake[1]: Entering directory '/Users/dojo/py/ceres-solver/build/CMakeFiles/CMakeTmp'
Building C object CMakeFiles/cmTC_c9b0d.dir/feature_tests.c.o
/usr/local/bin/mpicc   -fomit-frame-pointer -funroll-loops  -ffast-math -Ofast -fno-signed-zeros -ffp-contract=fast -mmmx -msse -flto -maes -march=native  -isysroot /Applications/Xcode.app/Contents/Developer/Platforms/MacOSX.platform/Developer/SDKs/MacOSX10.13.sdk -mmacosx-version-min=10.13   -std=c99 -o CMakeFiles/cmTC_c9b0d.dir/feature_tests.c.o   -c /Users/dojo/py/ceres-solver/build/CMakeFiles/feature_tests.c
Linking C executable cmTC_c9b0d
/usr/local/Cellar/cmake/3.9.2/bin/cmake -E cmake_link_script CMakeFiles/cmTC_c9b0d.dir/link.txt --verbose=1
/usr/local/bin/mpicc -fomit-frame-pointer -funroll-loops  -ffast-math -Ofast -fno-signed-zeros -ffp-contract=fast -mmmx -msse -flto -maes -march=native  -isysroot /Applications/Xcode.app/Contents/Developer/Platforms/MacOSX.platform/Developer/SDKs/MacOSX10.13.sdk -mmacosx-version-min=10.13 -Wl,-search_paths_first -Wl,-headerpad_max_install_names -L/usr/local/opt/tbb/lib -L/usr/local/opt/grt/lib -L/usr/local/opt/bison/lib -L/usr/local/opt/gettext/lib -L/usr/local/opt/zlib/lib -L/usr/local/opt/openblas/lib -L/usr/local/opt/openssl@1.1/lib -L/usr/local/opt/sqlite/lib -L/usr/local/opt/readline/lib -L/usr/local/opt/lapack/lib -L/usr/local/opt/open-mpi/lib -L/usr/local/opt/binutils/lib -L/usr/local/opt/boost/lib -L/usr/local/opt/llvm/lib -L/opt/X11/lib -L/usr/local/Cellar/gcc/7.2.0/lib/gcc/7  -L/usr/local/cuda/lib -L/usr/local/cuda/nvvm/lib  CMakeFiles/cmTC_c9b0d.dir/feature_tests.c.o  -o cmTC_c9b0d 
gmake[1]: Leaving directory '/Users/dojo/py/ceres-solver/build/CMakeFiles/CMakeTmp'


    Feature record: C_FEATURE:1c_function_prototypes
    Feature record: C_FEATURE:1c_restrict
    Feature record: C_FEATURE:0c_static_assert
    Feature record: C_FEATURE:1c_variadic_macros


Detecting C [-std=c90] compiler features compiled with the following output:
Change Dir: /Users/dojo/py/ceres-solver/build/CMakeFiles/CMakeTmp

Run Build Command:"/usr/local/bin/gmake" "cmTC_2d486/fast"
/usr/local/bin/gmake -f CMakeFiles/cmTC_2d486.dir/build.make CMakeFiles/cmTC_2d486.dir/build
gmake[1]: Entering directory '/Users/dojo/py/ceres-solver/build/CMakeFiles/CMakeTmp'
Building C object CMakeFiles/cmTC_2d486.dir/feature_tests.c.o
/usr/local/bin/mpicc   -fomit-frame-pointer -funroll-loops  -ffast-math -Ofast -fno-signed-zeros -ffp-contract=fast -mmmx -msse -flto -maes -march=native  -isysroot /Applications/Xcode.app/Contents/Developer/Platforms/MacOSX.platform/Developer/SDKs/MacOSX10.13.sdk -mmacosx-version-min=10.13   -std=c90 -o CMakeFiles/cmTC_2d486.dir/feature_tests.c.o   -c /Users/dojo/py/ceres-solver/build/CMakeFiles/feature_tests.c
Linking C executable cmTC_2d486
/usr/local/Cellar/cmake/3.9.2/bin/cmake -E cmake_link_script CMakeFiles/cmTC_2d486.dir/link.txt --verbose=1
/usr/local/bin/mpicc -fomit-frame-pointer -funroll-loops  -ffast-math -Ofast -fno-signed-zeros -ffp-contract=fast -mmmx -msse -flto -maes -march=native  -isysroot /Applications/Xcode.app/Contents/Developer/Platforms/MacOSX.platform/Developer/SDKs/MacOSX10.13.sdk -mmacosx-version-min=10.13 -Wl,-search_paths_first -Wl,-headerpad_max_install_names -L/usr/local/opt/tbb/lib -L/usr/local/opt/grt/lib -L/usr/local/opt/bison/lib -L/usr/local/opt/gettext/lib -L/usr/local/opt/zlib/lib -L/usr/local/opt/openblas/lib -L/usr/local/opt/openssl@1.1/lib -L/usr/local/opt/sqlite/lib -L/usr/local/opt/readline/lib -L/usr/local/opt/lapack/lib -L/usr/local/opt/open-mpi/lib -L/usr/local/opt/binutils/lib -L/usr/local/opt/boost/lib -L/usr/local/opt/llvm/lib -L/opt/X11/lib -L/usr/local/Cellar/gcc/7.2.0/lib/gcc/7  -L/usr/local/cuda/lib -L/usr/local/cuda/nvvm/lib  CMakeFiles/cmTC_2d486.dir/feature_tests.c.o  -o cmTC_2d486 
gmake[1]: Leaving directory '/Users/dojo/py/ceres-solver/build/CMakeFiles/CMakeTmp'


    Feature record: C_FEATURE:1c_function_prototypes
    Feature record: C_FEATURE:0c_restrict
    Feature record: C_FEATURE:0c_static_assert
    Feature record: C_FEATURE:0c_variadic_macros
Determining if the CXX compiler works passed with the following output:
Change Dir: /Users/dojo/py/ceres-solver/build/CMakeFiles/CMakeTmp

Run Build Command:"/usr/local/bin/gmake" "cmTC_3765c/fast"
/usr/local/bin/gmake -f CMakeFiles/cmTC_3765c.dir/build.make CMakeFiles/cmTC_3765c.dir/build
gmake[1]: Entering directory '/Users/dojo/py/ceres-solver/build/CMakeFiles/CMakeTmp'
Building CXX object CMakeFiles/cmTC_3765c.dir/testCXXCompiler.cxx.o
/usr/local/bin/mpicxx    -isysroot /Applications/Xcode.app/Contents/Developer/Platforms/MacOSX.platform/Developer/SDKs/MacOSX10.13.sdk -mmacosx-version-min=10.13   -o CMakeFiles/cmTC_3765c.dir/testCXXCompiler.cxx.o -c /Users/dojo/py/ceres-solver/build/CMakeFiles/CMakeTmp/testCXXCompiler.cxx
Linking CXX executable cmTC_3765c
/usr/local/Cellar/cmake/3.9.2/bin/cmake -E cmake_link_script CMakeFiles/cmTC_3765c.dir/link.txt --verbose=1
/usr/local/bin/mpicxx    -isysroot /Applications/Xcode.app/Contents/Developer/Platforms/MacOSX.platform/Developer/SDKs/MacOSX10.13.sdk -mmacosx-version-min=10.13 -Wl,-search_paths_first -Wl,-headerpad_max_install_names -L/usr/local/opt/tbb/lib -L/usr/local/opt/grt/lib -L/usr/local/opt/bison/lib -L/usr/local/opt/gettext/lib -L/usr/local/opt/zlib/lib -L/usr/local/opt/openblas/lib -L/usr/local/opt/openssl@1.1/lib -L/usr/local/opt/sqlite/lib -L/usr/local/opt/readline/lib -L/usr/local/opt/lapack/lib -L/usr/local/opt/open-mpi/lib -L/usr/local/opt/binutils/lib -L/usr/local/opt/boost/lib -L/usr/local/opt/llvm/lib -L/opt/X11/lib -L/usr/local/Cellar/gcc/7.2.0/lib/gcc/7  -L/usr/local/cuda/lib -L/usr/local/cuda/nvvm/lib  CMakeFiles/cmTC_3765c.dir/testCXXCompiler.cxx.o  -o cmTC_3765c 
gmake[1]: Leaving directory '/Users/dojo/py/ceres-solver/build/CMakeFiles/CMakeTmp'


Detecting CXX compiler ABI info compiled with the following output:
Change Dir: /Users/dojo/py/ceres-solver/build/CMakeFiles/CMakeTmp

Run Build Command:"/usr/local/bin/gmake" "cmTC_1e40a/fast"
/usr/local/bin/gmake -f CMakeFiles/cmTC_1e40a.dir/build.make CMakeFiles/cmTC_1e40a.dir/build
gmake[1]: Entering directory '/Users/dojo/py/ceres-solver/build/CMakeFiles/CMakeTmp'
Building CXX object CMakeFiles/cmTC_1e40a.dir/CMakeCXXCompilerABI.cpp.o
/usr/local/bin/mpicxx    -isysroot /Applications/Xcode.app/Contents/Developer/Platforms/MacOSX.platform/Developer/SDKs/MacOSX10.13.sdk -mmacosx-version-min=10.13   -o CMakeFiles/cmTC_1e40a.dir/CMakeCXXCompilerABI.cpp.o -c /usr/local/Cellar/cmake/3.9.2/share/cmake/Modules/CMakeCXXCompilerABI.cpp
Linking CXX executable cmTC_1e40a
/usr/local/Cellar/cmake/3.9.2/bin/cmake -E cmake_link_script CMakeFiles/cmTC_1e40a.dir/link.txt --verbose=1
/usr/local/bin/mpicxx    -isysroot /Applications/Xcode.app/Contents/Developer/Platforms/MacOSX.platform/Developer/SDKs/MacOSX10.13.sdk -mmacosx-version-min=10.13 -Wl,-search_paths_first -Wl,-headerpad_max_install_names -L/usr/local/opt/tbb/lib -L/usr/local/opt/grt/lib -L/usr/local/opt/bison/lib -L/usr/local/opt/gettext/lib -L/usr/local/opt/zlib/lib -L/usr/local/opt/openblas/lib -L/usr/local/opt/openssl@1.1/lib -L/usr/local/opt/sqlite/lib -L/usr/local/opt/readline/lib -L/usr/local/opt/lapack/lib -L/usr/local/opt/open-mpi/lib -L/usr/local/opt/binutils/lib -L/usr/local/opt/boost/lib -L/usr/local/opt/llvm/lib -L/opt/X11/lib -L/usr/local/Cellar/gcc/7.2.0/lib/gcc/7  -L/usr/local/cuda/lib -L/usr/local/cuda/nvvm/lib -v -Wl,-v CMakeFiles/cmTC_1e40a.dir/CMakeCXXCompilerABI.cpp.o  -o cmTC_1e40a 
Apple LLVM version 9.0.0 (clang-900.0.22.8)
Target: x86_64-apple-darwin17.0.0
Thread model: posix
InstalledDir: /Applications/Xcode.app/Contents/Developer/Toolchains/XcodeDefault.xctoolchain/usr/bin
Found CUDA installation: /usr/local/cuda, version 8.0
 "/Applications/Xcode.app/Contents/Developer/Toolchains/XcodeDefault.xctoolchain/usr/bin/ld" -demangle -lto_library /Applications/Xcode.app/Contents/Developer/Toolchains/XcodeDefault.xctoolchain/usr/lib/libLTO.dylib -dynamic -arch x86_64 -macosx_version_min 10.13.0 -syslibroot /Applications/Xcode.app/Contents/Developer/Platforms/MacOSX.platform/Developer/SDKs/MacOSX10.13.sdk -o cmTC_1e40a -L/usr/local/opt/tbb/lib -L/usr/local/opt/grt/lib -L/usr/local/opt/bison/lib -L/usr/local/opt/gettext/lib -L/usr/local/opt/zlib/lib -L/usr/local/opt/openblas/lib -L/usr/local/opt/openssl@1.1/lib -L/usr/local/opt/sqlite/lib -L/usr/local/opt/readline/lib -L/usr/local/opt/lapack/lib -L/usr/local/opt/open-mpi/lib -L/usr/local/opt/binutils/lib -L/usr/local/opt/boost/lib -L/usr/local/opt/llvm/lib -L/opt/X11/lib -L/usr/local/Cellar/gcc/7.2.0/lib/gcc/7 -L/usr/local/cuda/lib -L/usr/local/cuda/nvvm/lib -L/usr/local/opt/libevent/lib -L/usr/local/Cellar/open-mpi/2.1.1/lib -search_paths_first -headerpad_max_install_names -v CMakeFiles/cmTC_1e40a.dir/CMakeCXXCompilerABI.cpp.o -lmpi -lc++ -lSystem /Applications/Xcode.app/Contents/Developer/Toolchains/XcodeDefault.xctoolchain/usr/lib/clang/9.0.0/lib/darwin/libclang_rt.osx.a
@(#)PROGRAM:ld  PROJECT:ld64-301.1
configured to support archs: armv6 armv7 armv7s arm64 i386 x86_64 x86_64h armv6m armv7k armv7m armv7em (tvOS)
Library search paths:
	/usr/local/opt/tbb/lib
	/usr/local/opt/grt/lib
	/usr/local/opt/bison/lib
	/usr/local/opt/gettext/lib
	/usr/local/opt/zlib/lib
	/usr/local/opt/openblas/lib
	/usr/local/opt/openssl@1.1/lib
	/usr/local/opt/sqlite/lib
	/usr/local/opt/readline/lib
	/usr/local/opt/lapack/lib
	/usr/local/opt/open-mpi/lib
	/usr/local/opt/binutils/lib
	/usr/local/opt/boost/lib
	/usr/local/opt/llvm/lib
	/opt/X11/lib
	/usr/local/Cellar/gcc/7.2.0/lib/gcc/7
	/usr/local/cuda/lib
	/usr/local/cuda/nvvm/lib
	/usr/local/opt/libevent/lib
	/usr/local/Cellar/open-mpi/2.1.1/lib
	/Applications/Xcode.app/Contents/Developer/Platforms/MacOSX.platform/Developer/SDKs/MacOSX10.13.sdk/usr/lib
Framework search paths:
	/Applications/Xcode.app/Contents/Developer/Platforms/MacOSX.platform/Developer/SDKs/MacOSX10.13.sdk/System/Library/Frameworks/
gmake[1]: Leaving directory '/Users/dojo/py/ceres-solver/build/CMakeFiles/CMakeTmp'


Parsed CXX implicit link information from above output:
  link line regex: [^( *|.*[/\])(ld|CMAKE_LINK_STARTFILE-NOTFOUND|([^/\]+-)?ld|collect2)[^/\]*( |$)]
  ignore line: [Change Dir: /Users/dojo/py/ceres-solver/build/CMakeFiles/CMakeTmp]
  ignore line: []
  ignore line: [Run Build Command:"/usr/local/bin/gmake" "cmTC_1e40a/fast"]
  ignore line: [/usr/local/bin/gmake -f CMakeFiles/cmTC_1e40a.dir/build.make CMakeFiles/cmTC_1e40a.dir/build]
  ignore line: [gmake[1]: Entering directory '/Users/dojo/py/ceres-solver/build/CMakeFiles/CMakeTmp']
  ignore line: [Building CXX object CMakeFiles/cmTC_1e40a.dir/CMakeCXXCompilerABI.cpp.o]
  ignore line: [/usr/local/bin/mpicxx    -isysroot /Applications/Xcode.app/Contents/Developer/Platforms/MacOSX.platform/Developer/SDKs/MacOSX10.13.sdk -mmacosx-version-min=10.13   -o CMakeFiles/cmTC_1e40a.dir/CMakeCXXCompilerABI.cpp.o -c /usr/local/Cellar/cmake/3.9.2/share/cmake/Modules/CMakeCXXCompilerABI.cpp]
  ignore line: [Linking CXX executable cmTC_1e40a]
  ignore line: [/usr/local/Cellar/cmake/3.9.2/bin/cmake -E cmake_link_script CMakeFiles/cmTC_1e40a.dir/link.txt --verbose=1]
  ignore line: [/usr/local/bin/mpicxx    -isysroot /Applications/Xcode.app/Contents/Developer/Platforms/MacOSX.platform/Developer/SDKs/MacOSX10.13.sdk -mmacosx-version-min=10.13 -Wl,-search_paths_first -Wl,-headerpad_max_install_names -L/usr/local/opt/tbb/lib -L/usr/local/opt/grt/lib -L/usr/local/opt/bison/lib -L/usr/local/opt/gettext/lib -L/usr/local/opt/zlib/lib -L/usr/local/opt/openblas/lib -L/usr/local/opt/openssl@1.1/lib -L/usr/local/opt/sqlite/lib -L/usr/local/opt/readline/lib -L/usr/local/opt/lapack/lib -L/usr/local/opt/open-mpi/lib -L/usr/local/opt/binutils/lib -L/usr/local/opt/boost/lib -L/usr/local/opt/llvm/lib -L/opt/X11/lib -L/usr/local/Cellar/gcc/7.2.0/lib/gcc/7  -L/usr/local/cuda/lib -L/usr/local/cuda/nvvm/lib -v -Wl,-v CMakeFiles/cmTC_1e40a.dir/CMakeCXXCompilerABI.cpp.o  -o cmTC_1e40a ]
  ignore line: [Apple LLVM version 9.0.0 (clang-900.0.22.8)]
  ignore line: [Target: x86_64-apple-darwin17.0.0]
  ignore line: [Thread model: posix]
  ignore line: [InstalledDir: /Applications/Xcode.app/Contents/Developer/Toolchains/XcodeDefault.xctoolchain/usr/bin]
  ignore line: [Found CUDA installation: /usr/local/cuda, version 8.0]
  link line: [ "/Applications/Xcode.app/Contents/Developer/Toolchains/XcodeDefault.xctoolchain/usr/bin/ld" -demangle -lto_library /Applications/Xcode.app/Contents/Developer/Toolchains/XcodeDefault.xctoolchain/usr/lib/libLTO.dylib -dynamic -arch x86_64 -macosx_version_min 10.13.0 -syslibroot /Applications/Xcode.app/Contents/Developer/Platforms/MacOSX.platform/Developer/SDKs/MacOSX10.13.sdk -o cmTC_1e40a -L/usr/local/opt/tbb/lib -L/usr/local/opt/grt/lib -L/usr/local/opt/bison/lib -L/usr/local/opt/gettext/lib -L/usr/local/opt/zlib/lib -L/usr/local/opt/openblas/lib -L/usr/local/opt/openssl@1.1/lib -L/usr/local/opt/sqlite/lib -L/usr/local/opt/readline/lib -L/usr/local/opt/lapack/lib -L/usr/local/opt/open-mpi/lib -L/usr/local/opt/binutils/lib -L/usr/local/opt/boost/lib -L/usr/local/opt/llvm/lib -L/opt/X11/lib -L/usr/local/Cellar/gcc/7.2.0/lib/gcc/7 -L/usr/local/cuda/lib -L/usr/local/cuda/nvvm/lib -L/usr/local/opt/libevent/lib -L/usr/local/Cellar/open-mpi/2.1.1/lib -search_paths_first -headerpad_max_install_names -v CMakeFiles/cmTC_1e40a.dir/CMakeCXXCompilerABI.cpp.o -lmpi -lc++ -lSystem /Applications/Xcode.app/Contents/Developer/Toolchains/XcodeDefault.xctoolchain/usr/lib/clang/9.0.0/lib/darwin/libclang_rt.osx.a]
    arg [/Applications/Xcode.app/Contents/Developer/Toolchains/XcodeDefault.xctoolchain/usr/bin/ld] ==> ignore
    arg [-demangle] ==> ignore
    arg [-lto_library] ==> ignore, skip following value
    arg [/Applications/Xcode.app/Contents/Developer/Toolchains/XcodeDefault.xctoolchain/usr/lib/libLTO.dylib] ==> skip value of -lto_library
    arg [-dynamic] ==> ignore
    arg [-arch] ==> ignore
    arg [x86_64] ==> ignore
    arg [-macosx_version_min] ==> ignore
    arg [10.13.0] ==> ignore
    arg [-syslibroot] ==> ignore
    arg [/Applications/Xcode.app/Contents/Developer/Platforms/MacOSX.platform/Developer/SDKs/MacOSX10.13.sdk] ==> ignore
    arg [-o] ==> ignore
    arg [cmTC_1e40a] ==> ignore
    arg [-L/usr/local/opt/tbb/lib] ==> dir [/usr/local/opt/tbb/lib]
    arg [-L/usr/local/opt/grt/lib] ==> dir [/usr/local/opt/grt/lib]
    arg [-L/usr/local/opt/bison/lib] ==> dir [/usr/local/opt/bison/lib]
    arg [-L/usr/local/opt/gettext/lib] ==> dir [/usr/local/opt/gettext/lib]
    arg [-L/usr/local/opt/zlib/lib] ==> dir [/usr/local/opt/zlib/lib]
    arg [-L/usr/local/opt/openblas/lib] ==> dir [/usr/local/opt/openblas/lib]
    arg [-L/usr/local/opt/openssl@1.1/lib] ==> dir [/usr/local/opt/openssl@1.1/lib]
    arg [-L/usr/local/opt/sqlite/lib] ==> dir [/usr/local/opt/sqlite/lib]
    arg [-L/usr/local/opt/readline/lib] ==> dir [/usr/local/opt/readline/lib]
    arg [-L/usr/local/opt/lapack/lib] ==> dir [/usr/local/opt/lapack/lib]
    arg [-L/usr/local/opt/open-mpi/lib] ==> dir [/usr/local/opt/open-mpi/lib]
    arg [-L/usr/local/opt/binutils/lib] ==> dir [/usr/local/opt/binutils/lib]
    arg [-L/usr/local/opt/boost/lib] ==> dir [/usr/local/opt/boost/lib]
    arg [-L/usr/local/opt/llvm/lib] ==> dir [/usr/local/opt/llvm/lib]
    arg [-L/opt/X11/lib] ==> dir [/opt/X11/lib]
    arg [-L/usr/local/Cellar/gcc/7.2.0/lib/gcc/7] ==> dir [/usr/local/Cellar/gcc/7.2.0/lib/gcc/7]
    arg [-L/usr/local/cuda/lib] ==> dir [/usr/local/cuda/lib]
    arg [-L/usr/local/cuda/nvvm/lib] ==> dir [/usr/local/cuda/nvvm/lib]
    arg [-L/usr/local/opt/libevent/lib] ==> dir [/usr/local/opt/libevent/lib]
    arg [-L/usr/local/Cellar/open-mpi/2.1.1/lib] ==> dir [/usr/local/Cellar/open-mpi/2.1.1/lib]
    arg [-search_paths_first] ==> ignore
    arg [-headerpad_max_install_names] ==> ignore
    arg [-v] ==> ignore
    arg [CMakeFiles/cmTC_1e40a.dir/CMakeCXXCompilerABI.cpp.o] ==> ignore
    arg [-lmpi] ==> lib [mpi]
    arg [-lc++] ==> lib [c++]
    arg [-lSystem] ==> lib [System]
    arg [/Applications/Xcode.app/Contents/Developer/Toolchains/XcodeDefault.xctoolchain/usr/lib/clang/9.0.0/lib/darwin/libclang_rt.osx.a] ==> lib [/Applications/Xcode.app/Contents/Developer/Toolchains/XcodeDefault.xctoolchain/usr/lib/clang/9.0.0/lib/darwin/libclang_rt.osx.a]
  Library search paths: [;/usr/local/opt/tbb/lib;/usr/local/opt/grt/lib;/usr/local/opt/bison/lib;/usr/local/opt/gettext/lib;/usr/local/opt/zlib/lib;/usr/local/opt/openblas/lib;/usr/local/opt/openssl@1.1/lib;/usr/local/opt/sqlite/lib;/usr/local/opt/readline/lib;/usr/local/opt/lapack/lib;/usr/local/opt/open-mpi/lib;/usr/local/opt/binutils/lib;/usr/local/opt/boost/lib;/usr/local/opt/llvm/lib;/opt/X11/lib;/usr/local/Cellar/gcc/7.2.0/lib/gcc/7;/usr/local/cuda/lib;/usr/local/cuda/nvvm/lib;/usr/local/opt/libevent/lib;/usr/local/Cellar/open-mpi/2.1.1/lib;/Applications/Xcode.app/Contents/Developer/Platforms/MacOSX.platform/Developer/SDKs/MacOSX10.13.sdk/usr/lib]
  Framework search paths: [;/Applications/Xcode.app/Contents/Developer/Platforms/MacOSX.platform/Developer/SDKs/MacOSX10.13.sdk/System/Library/Frameworks/]
  remove lib [System]
  remove lib [/Applications/Xcode.app/Contents/Developer/Toolchains/XcodeDefault.xctoolchain/usr/lib/clang/9.0.0/lib/darwin/libclang_rt.osx.a]
  collapse library dir [/usr/local/opt/tbb/lib] ==> [/usr/local/opt/tbb/lib]
  collapse library dir [/usr/local/opt/grt/lib] ==> [/usr/local/opt/grt/lib]
  collapse library dir [/usr/local/opt/bison/lib] ==> [/usr/local/opt/bison/lib]
  collapse library dir [/usr/local/opt/gettext/lib] ==> [/usr/local/opt/gettext/lib]
  collapse library dir [/usr/local/opt/zlib/lib] ==> [/usr/local/opt/zlib/lib]
  collapse library dir [/usr/local/opt/openblas/lib] ==> [/usr/local/opt/openblas/lib]
  collapse library dir [/usr/local/opt/openssl@1.1/lib] ==> [/usr/local/opt/openssl@1.1/lib]
  collapse library dir [/usr/local/opt/sqlite/lib] ==> [/usr/local/opt/sqlite/lib]
  collapse library dir [/usr/local/opt/readline/lib] ==> [/usr/local/opt/readline/lib]
  collapse library dir [/usr/local/opt/lapack/lib] ==> [/usr/local/opt/lapack/lib]
  collapse library dir [/usr/local/opt/open-mpi/lib] ==> [/usr/local/opt/open-mpi/lib]
  collapse library dir [/usr/local/opt/binutils/lib] ==> [/usr/local/opt/binutils/lib]
  collapse library dir [/usr/local/opt/boost/lib] ==> [/usr/local/opt/boost/lib]
  collapse library dir [/usr/local/opt/llvm/lib] ==> [/usr/local/opt/llvm/lib]
  collapse library dir [/opt/X11/lib] ==> [/opt/X11/lib]
  collapse library dir [/usr/local/Cellar/gcc/7.2.0/lib/gcc/7] ==> [/usr/local/Cellar/gcc/7.2.0/lib/gcc/7]
  collapse library dir [/usr/local/cuda/lib] ==> [/usr/local/cuda/lib]
  collapse library dir [/usr/local/cuda/nvvm/lib] ==> [/usr/local/cuda/nvvm/lib]
  collapse library dir [/usr/local/opt/libevent/lib] ==> [/usr/local/opt/libevent/lib]
  collapse library dir [/usr/local/Cellar/open-mpi/2.1.1/lib] ==> [/usr/local/Cellar/open-mpi/2.1.1/lib]
  collapse library dir [/usr/local/opt/tbb/lib] ==> [/usr/local/opt/tbb/lib]
  collapse library dir [/usr/local/opt/grt/lib] ==> [/usr/local/opt/grt/lib]
  collapse library dir [/usr/local/opt/bison/lib] ==> [/usr/local/opt/bison/lib]
  collapse library dir [/usr/local/opt/gettext/lib] ==> [/usr/local/opt/gettext/lib]
  collapse library dir [/usr/local/opt/zlib/lib] ==> [/usr/local/opt/zlib/lib]
  collapse library dir [/usr/local/opt/openblas/lib] ==> [/usr/local/opt/openblas/lib]
  collapse library dir [/usr/local/opt/openssl@1.1/lib] ==> [/usr/local/opt/openssl@1.1/lib]
  collapse library dir [/usr/local/opt/sqlite/lib] ==> [/usr/local/opt/sqlite/lib]
  collapse library dir [/usr/local/opt/readline/lib] ==> [/usr/local/opt/readline/lib]
  collapse library dir [/usr/local/opt/lapack/lib] ==> [/usr/local/opt/lapack/lib]
  collapse library dir [/usr/local/opt/open-mpi/lib] ==> [/usr/local/opt/open-mpi/lib]
  collapse library dir [/usr/local/opt/binutils/lib] ==> [/usr/local/opt/binutils/lib]
  collapse library dir [/usr/local/opt/boost/lib] ==> [/usr/local/opt/boost/lib]
  collapse library dir [/usr/local/opt/llvm/lib] ==> [/usr/local/opt/llvm/lib]
  collapse library dir [/opt/X11/lib] ==> [/opt/X11/lib]
  collapse library dir [/usr/local/Cellar/gcc/7.2.0/lib/gcc/7] ==> [/usr/local/Cellar/gcc/7.2.0/lib/gcc/7]
  collapse library dir [/usr/local/cuda/lib] ==> [/usr/local/cuda/lib]
  collapse library dir [/usr/local/cuda/nvvm/lib] ==> [/usr/local/cuda/nvvm/lib]
  collapse library dir [/usr/local/opt/libevent/lib] ==> [/usr/local/opt/libevent/lib]
  collapse library dir [/usr/local/Cellar/open-mpi/2.1.1/lib] ==> [/usr/local/Cellar/open-mpi/2.1.1/lib]
  collapse library dir [/Applications/Xcode.app/Contents/Developer/Platforms/MacOSX.platform/Developer/SDKs/MacOSX10.13.sdk/usr/lib] ==> [/Applications/Xcode.app/Contents/Developer/Platforms/MacOSX.platform/Developer/SDKs/MacOSX10.13.sdk/usr/lib]
  collapse framework dir [/Applications/Xcode.app/Contents/Developer/Platforms/MacOSX.platform/Developer/SDKs/MacOSX10.13.sdk/System/Library/Frameworks/] ==> [/Applications/Xcode.app/Contents/Developer/Platforms/MacOSX.platform/Developer/SDKs/MacOSX10.13.sdk/System/Library/Frameworks]
  implicit libs: [mpi;c++]
  implicit dirs: [/usr/local/opt/tbb/lib;/usr/local/opt/grt/lib;/usr/local/opt/bison/lib;/usr/local/opt/gettext/lib;/usr/local/opt/zlib/lib;/usr/local/opt/openblas/lib;/usr/local/opt/openssl@1.1/lib;/usr/local/opt/sqlite/lib;/usr/local/opt/readline/lib;/usr/local/opt/lapack/lib;/usr/local/opt/open-mpi/lib;/usr/local/opt/binutils/lib;/usr/local/opt/boost/lib;/usr/local/opt/llvm/lib;/opt/X11/lib;/usr/local/Cellar/gcc/7.2.0/lib/gcc/7;/usr/local/cuda/lib;/usr/local/cuda/nvvm/lib;/usr/local/opt/libevent/lib;/usr/local/Cellar/open-mpi/2.1.1/lib;/Applications/Xcode.app/Contents/Developer/Platforms/MacOSX.platform/Developer/SDKs/MacOSX10.13.sdk/usr/lib]
  implicit fwks: [/Applications/Xcode.app/Contents/Developer/Platforms/MacOSX.platform/Developer/SDKs/MacOSX10.13.sdk/System/Library/Frameworks]




Detecting CXX [-std=c++1z] compiler features compiled with the following output:
Change Dir: /Users/dojo/py/ceres-solver/build/CMakeFiles/CMakeTmp

Run Build Command:"/usr/local/bin/gmake" "cmTC_c8a88/fast"
/usr/local/bin/gmake -f CMakeFiles/cmTC_c8a88.dir/build.make CMakeFiles/cmTC_c8a88.dir/build
gmake[1]: Entering directory '/Users/dojo/py/ceres-solver/build/CMakeFiles/CMakeTmp'
Building CXX object CMakeFiles/cmTC_c8a88.dir/feature_tests.cxx.o
/usr/local/bin/mpicxx    -isysroot /Applications/Xcode.app/Contents/Developer/Platforms/MacOSX.platform/Developer/SDKs/MacOSX10.13.sdk -mmacosx-version-min=10.13   -std=c++1z -o CMakeFiles/cmTC_c8a88.dir/feature_tests.cxx.o -c /Users/dojo/py/ceres-solver/build/CMakeFiles/feature_tests.cxx
Linking CXX executable cmTC_c8a88
/usr/local/Cellar/cmake/3.9.2/bin/cmake -E cmake_link_script CMakeFiles/cmTC_c8a88.dir/link.txt --verbose=1
/usr/local/bin/mpicxx    -isysroot /Applications/Xcode.app/Contents/Developer/Platforms/MacOSX.platform/Developer/SDKs/MacOSX10.13.sdk -mmacosx-version-min=10.13 -Wl,-search_paths_first -Wl,-headerpad_max_install_names -L/usr/local/opt/tbb/lib -L/usr/local/opt/grt/lib -L/usr/local/opt/bison/lib -L/usr/local/opt/gettext/lib -L/usr/local/opt/zlib/lib -L/usr/local/opt/openblas/lib -L/usr/local/opt/openssl@1.1/lib -L/usr/local/opt/sqlite/lib -L/usr/local/opt/readline/lib -L/usr/local/opt/lapack/lib -L/usr/local/opt/open-mpi/lib -L/usr/local/opt/binutils/lib -L/usr/local/opt/boost/lib -L/usr/local/opt/llvm/lib -L/opt/X11/lib -L/usr/local/Cellar/gcc/7.2.0/lib/gcc/7  -L/usr/local/cuda/lib -L/usr/local/cuda/nvvm/lib  CMakeFiles/cmTC_c8a88.dir/feature_tests.cxx.o  -o cmTC_c8a88 
gmake[1]: Leaving directory '/Users/dojo/py/ceres-solver/build/CMakeFiles/CMakeTmp'


    Feature record: CXX_FEATURE:1cxx_aggregate_default_initializers
    Feature record: CXX_FEATURE:1cxx_alias_templates
    Feature record: CXX_FEATURE:1cxx_alignas
    Feature record: CXX_FEATURE:1cxx_alignof
    Feature record: CXX_FEATURE:1cxx_attributes
    Feature record: CXX_FEATURE:1cxx_attribute_deprecated
    Feature record: CXX_FEATURE:1cxx_auto_type
    Feature record: CXX_FEATURE:1cxx_binary_literals
    Feature record: CXX_FEATURE:1cxx_constexpr
    Feature record: CXX_FEATURE:1cxx_contextual_conversions
    Feature record: CXX_FEATURE:1cxx_decltype
    Feature record: CXX_FEATURE:1cxx_decltype_auto
    Feature record: CXX_FEATURE:1cxx_decltype_incomplete_return_types
    Feature record: CXX_FEATURE:1cxx_default_function_template_args
    Feature record: CXX_FEATURE:1cxx_defaulted_functions
    Feature record: CXX_FEATURE:1cxx_defaulted_move_initializers
    Feature record: CXX_FEATURE:1cxx_delegating_constructors
    Feature record: CXX_FEATURE:1cxx_deleted_functions
    Feature record: CXX_FEATURE:1cxx_digit_separators
    Feature record: CXX_FEATURE:1cxx_enum_forward_declarations
    Feature record: CXX_FEATURE:1cxx_explicit_conversions
    Feature record: CXX_FEATURE:1cxx_extended_friend_declarations
    Feature record: CXX_FEATURE:1cxx_extern_templates
    Feature record: CXX_FEATURE:1cxx_final
    Feature record: CXX_FEATURE:1cxx_func_identifier
    Feature record: CXX_FEATURE:1cxx_generalized_initializers
    Feature record: CXX_FEATURE:1cxx_generic_lambdas
    Feature record: CXX_FEATURE:1cxx_inheriting_constructors
    Feature record: CXX_FEATURE:1cxx_inline_namespaces
    Feature record: CXX_FEATURE:1cxx_lambdas
    Feature record: CXX_FEATURE:1cxx_lambda_init_captures
    Feature record: CXX_FEATURE:1cxx_local_type_template_args
    Feature record: CXX_FEATURE:1cxx_long_long_type
    Feature record: CXX_FEATURE:1cxx_noexcept
    Feature record: CXX_FEATURE:1cxx_nonstatic_member_init
    Feature record: CXX_FEATURE:1cxx_nullptr
    Feature record: CXX_FEATURE:1cxx_override
    Feature record: CXX_FEATURE:1cxx_range_for
    Feature record: CXX_FEATURE:1cxx_raw_string_literals
    Feature record: CXX_FEATURE:1cxx_reference_qualified_functions
    Feature record: CXX_FEATURE:1cxx_relaxed_constexpr
    Feature record: CXX_FEATURE:1cxx_return_type_deduction
    Feature record: CXX_FEATURE:1cxx_right_angle_brackets
    Feature record: CXX_FEATURE:1cxx_rvalue_references
    Feature record: CXX_FEATURE:1cxx_sizeof_member
    Feature record: CXX_FEATURE:1cxx_static_assert
    Feature record: CXX_FEATURE:1cxx_strong_enums
    Feature record: CXX_FEATURE:1cxx_template_template_parameters
    Feature record: CXX_FEATURE:1cxx_thread_local
    Feature record: CXX_FEATURE:1cxx_trailing_return_types
    Feature record: CXX_FEATURE:1cxx_unicode_literals
    Feature record: CXX_FEATURE:1cxx_uniform_initialization
    Feature record: CXX_FEATURE:1cxx_unrestricted_unions
    Feature record: CXX_FEATURE:1cxx_user_literals
    Feature record: CXX_FEATURE:1cxx_variable_templates
    Feature record: CXX_FEATURE:1cxx_variadic_macros
    Feature record: CXX_FEATURE:1cxx_variadic_templates


Detecting CXX [-std=c++14] compiler features compiled with the following output:
Change Dir: /Users/dojo/py/ceres-solver/build/CMakeFiles/CMakeTmp

Run Build Command:"/usr/local/bin/gmake" "cmTC_06984/fast"
/usr/local/bin/gmake -f CMakeFiles/cmTC_06984.dir/build.make CMakeFiles/cmTC_06984.dir/build
gmake[1]: Entering directory '/Users/dojo/py/ceres-solver/build/CMakeFiles/CMakeTmp'
Building CXX object CMakeFiles/cmTC_06984.dir/feature_tests.cxx.o
/usr/local/bin/mpicxx    -isysroot /Applications/Xcode.app/Contents/Developer/Platforms/MacOSX.platform/Developer/SDKs/MacOSX10.13.sdk -mmacosx-version-min=10.13   -std=c++14 -o CMakeFiles/cmTC_06984.dir/feature_tests.cxx.o -c /Users/dojo/py/ceres-solver/build/CMakeFiles/feature_tests.cxx
Linking CXX executable cmTC_06984
/usr/local/Cellar/cmake/3.9.2/bin/cmake -E cmake_link_script CMakeFiles/cmTC_06984.dir/link.txt --verbose=1
/usr/local/bin/mpicxx    -isysroot /Applications/Xcode.app/Contents/Developer/Platforms/MacOSX.platform/Developer/SDKs/MacOSX10.13.sdk -mmacosx-version-min=10.13 -Wl,-search_paths_first -Wl,-headerpad_max_install_names -L/usr/local/opt/tbb/lib -L/usr/local/opt/grt/lib -L/usr/local/opt/bison/lib -L/usr/local/opt/gettext/lib -L/usr/local/opt/zlib/lib -L/usr/local/opt/openblas/lib -L/usr/local/opt/openssl@1.1/lib -L/usr/local/opt/sqlite/lib -L/usr/local/opt/readline/lib -L/usr/local/opt/lapack/lib -L/usr/local/opt/open-mpi/lib -L/usr/local/opt/binutils/lib -L/usr/local/opt/boost/lib -L/usr/local/opt/llvm/lib -L/opt/X11/lib -L/usr/local/Cellar/gcc/7.2.0/lib/gcc/7  -L/usr/local/cuda/lib -L/usr/local/cuda/nvvm/lib  CMakeFiles/cmTC_06984.dir/feature_tests.cxx.o  -o cmTC_06984 
gmake[1]: Leaving directory '/Users/dojo/py/ceres-solver/build/CMakeFiles/CMakeTmp'


    Feature record: CXX_FEATURE:1cxx_aggregate_default_initializers
    Feature record: CXX_FEATURE:1cxx_alias_templates
    Feature record: CXX_FEATURE:1cxx_alignas
    Feature record: CXX_FEATURE:1cxx_alignof
    Feature record: CXX_FEATURE:1cxx_attributes
    Feature record: CXX_FEATURE:1cxx_attribute_deprecated
    Feature record: CXX_FEATURE:1cxx_auto_type
    Feature record: CXX_FEATURE:1cxx_binary_literals
    Feature record: CXX_FEATURE:1cxx_constexpr
    Feature record: CXX_FEATURE:1cxx_contextual_conversions
    Feature record: CXX_FEATURE:1cxx_decltype
    Feature record: CXX_FEATURE:1cxx_decltype_auto
    Feature record: CXX_FEATURE:1cxx_decltype_incomplete_return_types
    Feature record: CXX_FEATURE:1cxx_default_function_template_args
    Feature record: CXX_FEATURE:1cxx_defaulted_functions
    Feature record: CXX_FEATURE:1cxx_defaulted_move_initializers
    Feature record: CXX_FEATURE:1cxx_delegating_constructors
    Feature record: CXX_FEATURE:1cxx_deleted_functions
    Feature record: CXX_FEATURE:1cxx_digit_separators
    Feature record: CXX_FEATURE:1cxx_enum_forward_declarations
    Feature record: CXX_FEATURE:1cxx_explicit_conversions
    Feature record: CXX_FEATURE:1cxx_extended_friend_declarations
    Feature record: CXX_FEATURE:1cxx_extern_templates
    Feature record: CXX_FEATURE:1cxx_final
    Feature record: CXX_FEATURE:1cxx_func_identifier
    Feature record: CXX_FEATURE:1cxx_generalized_initializers
    Feature record: CXX_FEATURE:1cxx_generic_lambdas
    Feature record: CXX_FEATURE:1cxx_inheriting_constructors
    Feature record: CXX_FEATURE:1cxx_inline_namespaces
    Feature record: CXX_FEATURE:1cxx_lambdas
    Feature record: CXX_FEATURE:1cxx_lambda_init_captures
    Feature record: CXX_FEATURE:1cxx_local_type_template_args
    Feature record: CXX_FEATURE:1cxx_long_long_type
    Feature record: CXX_FEATURE:1cxx_noexcept
    Feature record: CXX_FEATURE:1cxx_nonstatic_member_init
    Feature record: CXX_FEATURE:1cxx_nullptr
    Feature record: CXX_FEATURE:1cxx_override
    Feature record: CXX_FEATURE:1cxx_range_for
    Feature record: CXX_FEATURE:1cxx_raw_string_literals
    Feature record: CXX_FEATURE:1cxx_reference_qualified_functions
    Feature record: CXX_FEATURE:1cxx_relaxed_constexpr
    Feature record: CXX_FEATURE:1cxx_return_type_deduction
    Feature record: CXX_FEATURE:1cxx_right_angle_brackets
    Feature record: CXX_FEATURE:1cxx_rvalue_references
    Feature record: CXX_FEATURE:1cxx_sizeof_member
    Feature record: CXX_FEATURE:1cxx_static_assert
    Feature record: CXX_FEATURE:1cxx_strong_enums
    Feature record: CXX_FEATURE:1cxx_template_template_parameters
    Feature record: CXX_FEATURE:1cxx_thread_local
    Feature record: CXX_FEATURE:1cxx_trailing_return_types
    Feature record: CXX_FEATURE:1cxx_unicode_literals
    Feature record: CXX_FEATURE:1cxx_uniform_initialization
    Feature record: CXX_FEATURE:1cxx_unrestricted_unions
    Feature record: CXX_FEATURE:1cxx_user_literals
    Feature record: CXX_FEATURE:1cxx_variable_templates
    Feature record: CXX_FEATURE:1cxx_variadic_macros
    Feature record: CXX_FEATURE:1cxx_variadic_templates


Detecting CXX [-std=c++11] compiler features compiled with the following output:
Change Dir: /Users/dojo/py/ceres-solver/build/CMakeFiles/CMakeTmp

Run Build Command:"/usr/local/bin/gmake" "cmTC_129b3/fast"
/usr/local/bin/gmake -f CMakeFiles/cmTC_129b3.dir/build.make CMakeFiles/cmTC_129b3.dir/build
gmake[1]: Entering directory '/Users/dojo/py/ceres-solver/build/CMakeFiles/CMakeTmp'
Building CXX object CMakeFiles/cmTC_129b3.dir/feature_tests.cxx.o
/usr/local/bin/mpicxx    -isysroot /Applications/Xcode.app/Contents/Developer/Platforms/MacOSX.platform/Developer/SDKs/MacOSX10.13.sdk -mmacosx-version-min=10.13   -std=c++11 -o CMakeFiles/cmTC_129b3.dir/feature_tests.cxx.o -c /Users/dojo/py/ceres-solver/build/CMakeFiles/feature_tests.cxx
Linking CXX executable cmTC_129b3
/usr/local/Cellar/cmake/3.9.2/bin/cmake -E cmake_link_script CMakeFiles/cmTC_129b3.dir/link.txt --verbose=1
/usr/local/bin/mpicxx    -isysroot /Applications/Xcode.app/Contents/Developer/Platforms/MacOSX.platform/Developer/SDKs/MacOSX10.13.sdk -mmacosx-version-min=10.13 -Wl,-search_paths_first -Wl,-headerpad_max_install_names -L/usr/local/opt/tbb/lib -L/usr/local/opt/grt/lib -L/usr/local/opt/bison/lib -L/usr/local/opt/gettext/lib -L/usr/local/opt/zlib/lib -L/usr/local/opt/openblas/lib -L/usr/local/opt/openssl@1.1/lib -L/usr/local/opt/sqlite/lib -L/usr/local/opt/readline/lib -L/usr/local/opt/lapack/lib -L/usr/local/opt/open-mpi/lib -L/usr/local/opt/binutils/lib -L/usr/local/opt/boost/lib -L/usr/local/opt/llvm/lib -L/opt/X11/lib -L/usr/local/Cellar/gcc/7.2.0/lib/gcc/7  -L/usr/local/cuda/lib -L/usr/local/cuda/nvvm/lib  CMakeFiles/cmTC_129b3.dir/feature_tests.cxx.o  -o cmTC_129b3 
gmake[1]: Leaving directory '/Users/dojo/py/ceres-solver/build/CMakeFiles/CMakeTmp'


    Feature record: CXX_FEATURE:0cxx_aggregate_default_initializers
    Feature record: CXX_FEATURE:1cxx_alias_templates
    Feature record: CXX_FEATURE:1cxx_alignas
    Feature record: CXX_FEATURE:1cxx_alignof
    Feature record: CXX_FEATURE:1cxx_attributes
    Feature record: CXX_FEATURE:0cxx_attribute_deprecated
    Feature record: CXX_FEATURE:1cxx_auto_type
    Feature record: CXX_FEATURE:0cxx_binary_literals
    Feature record: CXX_FEATURE:1cxx_constexpr
    Feature record: CXX_FEATURE:0cxx_contextual_conversions
    Feature record: CXX_FEATURE:1cxx_decltype
    Feature record: CXX_FEATURE:0cxx_decltype_auto
    Feature record: CXX_FEATURE:1cxx_decltype_incomplete_return_types
    Feature record: CXX_FEATURE:1cxx_default_function_template_args
    Feature record: CXX_FEATURE:1cxx_defaulted_functions
    Feature record: CXX_FEATURE:1cxx_defaulted_move_initializers
    Feature record: CXX_FEATURE:1cxx_delegating_constructors
    Feature record: CXX_FEATURE:1cxx_deleted_functions
    Feature record: CXX_FEATURE:0cxx_digit_separators
    Feature record: CXX_FEATURE:1cxx_enum_forward_declarations
    Feature record: CXX_FEATURE:1cxx_explicit_conversions
    Feature record: CXX_FEATURE:1cxx_extended_friend_declarations
    Feature record: CXX_FEATURE:1cxx_extern_templates
    Feature record: CXX_FEATURE:1cxx_final
    Feature record: CXX_FEATURE:1cxx_func_identifier
    Feature record: CXX_FEATURE:1cxx_generalized_initializers
    Feature record: CXX_FEATURE:0cxx_generic_lambdas
    Feature record: CXX_FEATURE:1cxx_inheriting_constructors
    Feature record: CXX_FEATURE:1cxx_inline_namespaces
    Feature record: CXX_FEATURE:1cxx_lambdas
    Feature record: CXX_FEATURE:0cxx_lambda_init_captures
    Feature record: CXX_FEATURE:1cxx_local_type_template_args
    Feature record: CXX_FEATURE:1cxx_long_long_type
    Feature record: CXX_FEATURE:1cxx_noexcept
    Feature record: CXX_FEATURE:1cxx_nonstatic_member_init
    Feature record: CXX_FEATURE:1cxx_nullptr
    Feature record: CXX_FEATURE:1cxx_override
    Feature record: CXX_FEATURE:1cxx_range_for
    Feature record: CXX_FEATURE:1cxx_raw_string_literals
    Feature record: CXX_FEATURE:1cxx_reference_qualified_functions
    Feature record: CXX_FEATURE:0cxx_relaxed_constexpr
    Feature record: CXX_FEATURE:0cxx_return_type_deduction
    Feature record: CXX_FEATURE:1cxx_right_angle_brackets
    Feature record: CXX_FEATURE:1cxx_rvalue_references
    Feature record: CXX_FEATURE:1cxx_sizeof_member
    Feature record: CXX_FEATURE:1cxx_static_assert
    Feature record: CXX_FEATURE:1cxx_strong_enums
    Feature record: CXX_FEATURE:1cxx_template_template_parameters
    Feature record: CXX_FEATURE:1cxx_thread_local
    Feature record: CXX_FEATURE:1cxx_trailing_return_types
    Feature record: CXX_FEATURE:1cxx_unicode_literals
    Feature record: CXX_FEATURE:1cxx_uniform_initialization
    Feature record: CXX_FEATURE:1cxx_unrestricted_unions
    Feature record: CXX_FEATURE:1cxx_user_literals
    Feature record: CXX_FEATURE:0cxx_variable_templates
    Feature record: CXX_FEATURE:1cxx_variadic_macros
    Feature record: CXX_FEATURE:1cxx_variadic_templates


Detecting CXX [-std=c++98] compiler features compiled with the following output:
Change Dir: /Users/dojo/py/ceres-solver/build/CMakeFiles/CMakeTmp

Run Build Command:"/usr/local/bin/gmake" "cmTC_63ec2/fast"
/usr/local/bin/gmake -f CMakeFiles/cmTC_63ec2.dir/build.make CMakeFiles/cmTC_63ec2.dir/build
gmake[1]: Entering directory '/Users/dojo/py/ceres-solver/build/CMakeFiles/CMakeTmp'
Building CXX object CMakeFiles/cmTC_63ec2.dir/feature_tests.cxx.o
/usr/local/bin/mpicxx    -isysroot /Applications/Xcode.app/Contents/Developer/Platforms/MacOSX.platform/Developer/SDKs/MacOSX10.13.sdk -mmacosx-version-min=10.13   -std=c++98 -o CMakeFiles/cmTC_63ec2.dir/feature_tests.cxx.o -c /Users/dojo/py/ceres-solver/build/CMakeFiles/feature_tests.cxx
Linking CXX executable cmTC_63ec2
/usr/local/Cellar/cmake/3.9.2/bin/cmake -E cmake_link_script CMakeFiles/cmTC_63ec2.dir/link.txt --verbose=1
/usr/local/bin/mpicxx    -isysroot /Applications/Xcode.app/Contents/Developer/Platforms/MacOSX.platform/Developer/SDKs/MacOSX10.13.sdk -mmacosx-version-min=10.13 -Wl,-search_paths_first -Wl,-headerpad_max_install_names -L/usr/local/opt/tbb/lib -L/usr/local/opt/grt/lib -L/usr/local/opt/bison/lib -L/usr/local/opt/gettext/lib -L/usr/local/opt/zlib/lib -L/usr/local/opt/openblas/lib -L/usr/local/opt/openssl@1.1/lib -L/usr/local/opt/sqlite/lib -L/usr/local/opt/readline/lib -L/usr/local/opt/lapack/lib -L/usr/local/opt/open-mpi/lib -L/usr/local/opt/binutils/lib -L/usr/local/opt/boost/lib -L/usr/local/opt/llvm/lib -L/opt/X11/lib -L/usr/local/Cellar/gcc/7.2.0/lib/gcc/7  -L/usr/local/cuda/lib -L/usr/local/cuda/nvvm/lib  CMakeFiles/cmTC_63ec2.dir/feature_tests.cxx.o  -o cmTC_63ec2 
gmake[1]: Leaving directory '/Users/dojo/py/ceres-solver/build/CMakeFiles/CMakeTmp'


    Feature record: CXX_FEATURE:0cxx_aggregate_default_initializers
    Feature record: CXX_FEATURE:0cxx_alias_templates
    Feature record: CXX_FEATURE:0cxx_alignas
    Feature record: CXX_FEATURE:0cxx_alignof
    Feature record: CXX_FEATURE:0cxx_attributes
    Feature record: CXX_FEATURE:0cxx_attribute_deprecated
    Feature record: CXX_FEATURE:0cxx_auto_type
    Feature record: CXX_FEATURE:0cxx_binary_literals
    Feature record: CXX_FEATURE:0cxx_constexpr
    Feature record: CXX_FEATURE:0cxx_contextual_conversions
    Feature record: CXX_FEATURE:0cxx_decltype
    Feature record: CXX_FEATURE:0cxx_decltype_auto
    Feature record: CXX_FEATURE:0cxx_decltype_incomplete_return_types
    Feature record: CXX_FEATURE:0cxx_default_function_template_args
    Feature record: CXX_FEATURE:0cxx_defaulted_functions
    Feature record: CXX_FEATURE:0cxx_defaulted_move_initializers
    Feature record: CXX_FEATURE:0cxx_delegating_constructors
    Feature record: CXX_FEATURE:0cxx_deleted_functions
    Feature record: CXX_FEATURE:0cxx_digit_separators
    Feature record: CXX_FEATURE:0cxx_enum_forward_declarations
    Feature record: CXX_FEATURE:0cxx_explicit_conversions
    Feature record: CXX_FEATURE:0cxx_extended_friend_declarations
    Feature record: CXX_FEATURE:0cxx_extern_templates
    Feature record: CXX_FEATURE:0cxx_final
    Feature record: CXX_FEATURE:0cxx_func_identifier
    Feature record: CXX_FEATURE:0cxx_generalized_initializers
    Feature record: CXX_FEATURE:0cxx_generic_lambdas
    Feature record: CXX_FEATURE:0cxx_inheriting_constructors
    Feature record: CXX_FEATURE:0cxx_inline_namespaces
    Feature record: CXX_FEATURE:0cxx_lambdas
    Feature record: CXX_FEATURE:0cxx_lambda_init_captures
    Feature record: CXX_FEATURE:0cxx_local_type_template_args
    Feature record: CXX_FEATURE:0cxx_long_long_type
    Feature record: CXX_FEATURE:0cxx_noexcept
    Feature record: CXX_FEATURE:0cxx_nonstatic_member_init
    Feature record: CXX_FEATURE:0cxx_nullptr
    Feature record: CXX_FEATURE:0cxx_override
    Feature record: CXX_FEATURE:0cxx_range_for
    Feature record: CXX_FEATURE:0cxx_raw_string_literals
    Feature record: CXX_FEATURE:0cxx_reference_qualified_functions
    Feature record: CXX_FEATURE:0cxx_relaxed_constexpr
    Feature record: CXX_FEATURE:0cxx_return_type_deduction
    Feature record: CXX_FEATURE:0cxx_right_angle_brackets
    Feature record: CXX_FEATURE:0cxx_rvalue_references
    Feature record: CXX_FEATURE:0cxx_sizeof_member
    Feature record: CXX_FEATURE:0cxx_static_assert
    Feature record: CXX_FEATURE:0cxx_strong_enums
    Feature record: CXX_FEATURE:1cxx_template_template_parameters
    Feature record: CXX_FEATURE:0cxx_thread_local
    Feature record: CXX_FEATURE:0cxx_trailing_return_types
    Feature record: CXX_FEATURE:0cxx_unicode_literals
    Feature record: CXX_FEATURE:0cxx_uniform_initialization
    Feature record: CXX_FEATURE:0cxx_unrestricted_unions
    Feature record: CXX_FEATURE:0cxx_user_literals
    Feature record: CXX_FEATURE:0cxx_variable_templates
    Feature record: CXX_FEATURE:0cxx_variadic_macros
    Feature record: CXX_FEATURE:0cxx_variadic_templates
Determining if the function sgemm_ exists passed with the following output:
Change Dir: /Users/dojo/py/ceres-solver/build/CMakeFiles/CMakeTmp

Run Build Command:"/usr/local/bin/gmake" "cmTC_7d38f/fast"
/usr/local/bin/gmake -f CMakeFiles/cmTC_7d38f.dir/build.make CMakeFiles/cmTC_7d38f.dir/build
gmake[1]: Entering directory '/Users/dojo/py/ceres-solver/build/CMakeFiles/CMakeTmp'
Building C object CMakeFiles/cmTC_7d38f.dir/CheckFunctionExists.c.o
/usr/local/bin/mpicc   -fomit-frame-pointer -funroll-loops  -ffast-math -Ofast -fno-signed-zeros -ffp-contract=fast -mmmx -msse -flto -maes -march=native -DCHECK_FUNCTION_EXISTS=sgemm_ -isysroot /Applications/Xcode.app/Contents/Developer/Platforms/MacOSX.platform/Developer/SDKs/MacOSX10.13.sdk -mmacosx-version-min=10.13   -o CMakeFiles/cmTC_7d38f.dir/CheckFunctionExists.c.o   -c /usr/local/Cellar/cmake/3.9.2/share/cmake/Modules/CheckFunctionExists.c
Linking C executable cmTC_7d38f
/usr/local/Cellar/cmake/3.9.2/bin/cmake -E cmake_link_script CMakeFiles/cmTC_7d38f.dir/link.txt --verbose=1
/usr/local/bin/mpicc -fomit-frame-pointer -funroll-loops  -ffast-math -Ofast -fno-signed-zeros -ffp-contract=fast -mmmx -msse -flto -maes -march=native -DCHECK_FUNCTION_EXISTS=sgemm_ -isysroot /Applications/Xcode.app/Contents/Developer/Platforms/MacOSX.platform/Developer/SDKs/MacOSX10.13.sdk -mmacosx-version-min=10.13 -Wl,-search_paths_first -Wl,-headerpad_max_install_names -L/usr/local/opt/tbb/lib -L/usr/local/opt/grt/lib -L/usr/local/opt/bison/lib -L/usr/local/opt/gettext/lib -L/usr/local/opt/zlib/lib -L/usr/local/opt/openblas/lib -L/usr/local/opt/openssl@1.1/lib -L/usr/local/opt/sqlite/lib -L/usr/local/opt/readline/lib -L/usr/local/opt/lapack/lib -L/usr/local/opt/open-mpi/lib -L/usr/local/opt/binutils/lib -L/usr/local/opt/boost/lib -L/usr/local/opt/llvm/lib -L/opt/X11/lib -L/usr/local/Cellar/gcc/7.2.0/lib/gcc/7  -L/usr/local/cuda/lib -L/usr/local/cuda/nvvm/lib  CMakeFiles/cmTC_7d38f.dir/CheckFunctionExists.c.o  -o cmTC_7d38f /usr/local/lib/libopenblas.dylib 
gmake[1]: Leaving directory '/Users/dojo/py/ceres-solver/build/CMakeFiles/CMakeTmp'


Determining if the include file pthread.h exists passed with the following output:
Change Dir: /Users/dojo/py/ceres-solver/build/CMakeFiles/CMakeTmp

Run Build Command:"/usr/local/bin/gmake" "cmTC_b3354/fast"
/usr/local/bin/gmake -f CMakeFiles/cmTC_b3354.dir/build.make CMakeFiles/cmTC_b3354.dir/build
gmake[1]: Entering directory '/Users/dojo/py/ceres-solver/build/CMakeFiles/CMakeTmp'
Building C object CMakeFiles/cmTC_b3354.dir/CheckIncludeFile.c.o
/usr/local/bin/mpicc   -fomit-frame-pointer -funroll-loops  -ffast-math -Ofast -fno-signed-zeros -ffp-contract=fast -mmmx -msse -flto -maes -march=native  -isysroot /Applications/Xcode.app/Contents/Developer/Platforms/MacOSX.platform/Developer/SDKs/MacOSX10.13.sdk -mmacosx-version-min=10.13   -o CMakeFiles/cmTC_b3354.dir/CheckIncludeFile.c.o   -c /Users/dojo/py/ceres-solver/build/CMakeFiles/CMakeTmp/CheckIncludeFile.c
Linking C executable cmTC_b3354
/usr/local/Cellar/cmake/3.9.2/bin/cmake -E cmake_link_script CMakeFiles/cmTC_b3354.dir/link.txt --verbose=1
/usr/local/bin/mpicc -fomit-frame-pointer -funroll-loops  -ffast-math -Ofast -fno-signed-zeros -ffp-contract=fast -mmmx -msse -flto -maes -march=native  -isysroot /Applications/Xcode.app/Contents/Developer/Platforms/MacOSX.platform/Developer/SDKs/MacOSX10.13.sdk -mmacosx-version-min=10.13 -Wl,-search_paths_first -Wl,-headerpad_max_install_names -L/usr/local/opt/tbb/lib -L/usr/local/opt/grt/lib -L/usr/local/opt/bison/lib -L/usr/local/opt/gettext/lib -L/usr/local/opt/zlib/lib -L/usr/local/opt/openblas/lib -L/usr/local/opt/openssl@1.1/lib -L/usr/local/opt/sqlite/lib -L/usr/local/opt/readline/lib -L/usr/local/opt/lapack/lib -L/usr/local/opt/open-mpi/lib -L/usr/local/opt/binutils/lib -L/usr/local/opt/boost/lib -L/usr/local/opt/llvm/lib -L/opt/X11/lib -L/usr/local/Cellar/gcc/7.2.0/lib/gcc/7  -L/usr/local/cuda/lib -L/usr/local/cuda/nvvm/lib  CMakeFiles/cmTC_b3354.dir/CheckIncludeFile.c.o  -o cmTC_b3354 
gmake[1]: Leaving directory '/Users/dojo/py/ceres-solver/build/CMakeFiles/CMakeTmp'


Determining if the pthread_create exist passed with the following output:
Change Dir: /Users/dojo/py/ceres-solver/build/CMakeFiles/CMakeTmp

Run Build Command:"/usr/local/bin/gmake" "cmTC_9eef1/fast"
/usr/local/bin/gmake -f CMakeFiles/cmTC_9eef1.dir/build.make CMakeFiles/cmTC_9eef1.dir/build
gmake[1]: Entering directory '/Users/dojo/py/ceres-solver/build/CMakeFiles/CMakeTmp'
Building C object CMakeFiles/cmTC_9eef1.dir/CheckSymbolExists.c.o
/usr/local/bin/mpicc   -fomit-frame-pointer -funroll-loops  -ffast-math -Ofast -fno-signed-zeros -ffp-contract=fast -mmmx -msse -flto -maes -march=native  -isysroot /Applications/Xcode.app/Contents/Developer/Platforms/MacOSX.platform/Developer/SDKs/MacOSX10.13.sdk -mmacosx-version-min=10.13   -o CMakeFiles/cmTC_9eef1.dir/CheckSymbolExists.c.o   -c /Users/dojo/py/ceres-solver/build/CMakeFiles/CMakeTmp/CheckSymbolExists.c
Linking C executable cmTC_9eef1
/usr/local/Cellar/cmake/3.9.2/bin/cmake -E cmake_link_script CMakeFiles/cmTC_9eef1.dir/link.txt --verbose=1
/usr/local/bin/mpicc -fomit-frame-pointer -funroll-loops  -ffast-math -Ofast -fno-signed-zeros -ffp-contract=fast -mmmx -msse -flto -maes -march=native  -isysroot /Applications/Xcode.app/Contents/Developer/Platforms/MacOSX.platform/Developer/SDKs/MacOSX10.13.sdk -mmacosx-version-min=10.13 -Wl,-search_paths_first -Wl,-headerpad_max_install_names -L/usr/local/opt/tbb/lib -L/usr/local/opt/grt/lib -L/usr/local/opt/bison/lib -L/usr/local/opt/gettext/lib -L/usr/local/opt/zlib/lib -L/usr/local/opt/openblas/lib -L/usr/local/opt/openssl@1.1/lib -L/usr/local/opt/sqlite/lib -L/usr/local/opt/readline/lib -L/usr/local/opt/lapack/lib -L/usr/local/opt/open-mpi/lib -L/usr/local/opt/binutils/lib -L/usr/local/opt/boost/lib -L/usr/local/opt/llvm/lib -L/opt/X11/lib -L/usr/local/Cellar/gcc/7.2.0/lib/gcc/7  -L/usr/local/cuda/lib -L/usr/local/cuda/nvvm/lib  CMakeFiles/cmTC_9eef1.dir/CheckSymbolExists.c.o  -o cmTC_9eef1 
gmake[1]: Leaving directory '/Users/dojo/py/ceres-solver/build/CMakeFiles/CMakeTmp'

File /Users/dojo/py/ceres-solver/build/CMakeFiles/CMakeTmp/CheckSymbolExists.c:
/* */
#include <pthread.h>

int main(int argc, char** argv)
{
  (void)argv;
#ifndef pthread_create
  return ((int*)(&pthread_create))[argc];
#else
  (void)argc;
  return 0;
#endif
}

Determining if the function cheev_ exists passed with the following output:
Change Dir: /Users/dojo/py/ceres-solver/build/CMakeFiles/CMakeTmp

Run Build Command:"/usr/local/bin/gmake" "cmTC_bf498/fast"
/usr/local/bin/gmake -f CMakeFiles/cmTC_bf498.dir/build.make CMakeFiles/cmTC_bf498.dir/build
gmake[1]: Entering directory '/Users/dojo/py/ceres-solver/build/CMakeFiles/CMakeTmp'
Building C object CMakeFiles/cmTC_bf498.dir/CheckFunctionExists.c.o
/usr/local/bin/mpicc   -fomit-frame-pointer -funroll-loops  -ffast-math -Ofast -fno-signed-zeros -ffp-contract=fast -mmmx -msse -flto -maes -march=native -DCHECK_FUNCTION_EXISTS=cheev_ -isysroot /Applications/Xcode.app/Contents/Developer/Platforms/MacOSX.platform/Developer/SDKs/MacOSX10.13.sdk -mmacosx-version-min=10.13   -o CMakeFiles/cmTC_bf498.dir/CheckFunctionExists.c.o   -c /usr/local/Cellar/cmake/3.9.2/share/cmake/Modules/CheckFunctionExists.c
Linking C executable cmTC_bf498
/usr/local/Cellar/cmake/3.9.2/bin/cmake -E cmake_link_script CMakeFiles/cmTC_bf498.dir/link.txt --verbose=1
/usr/local/bin/mpicc -fomit-frame-pointer -funroll-loops  -ffast-math -Ofast -fno-signed-zeros -ffp-contract=fast -mmmx -msse -flto -maes -march=native -DCHECK_FUNCTION_EXISTS=cheev_ -isysroot /Applications/Xcode.app/Contents/Developer/Platforms/MacOSX.platform/Developer/SDKs/MacOSX10.13.sdk -mmacosx-version-min=10.13 -Wl,-search_paths_first -Wl,-headerpad_max_install_names -L/usr/local/opt/tbb/lib -L/usr/local/opt/grt/lib -L/usr/local/opt/bison/lib -L/usr/local/opt/gettext/lib -L/usr/local/opt/zlib/lib -L/usr/local/opt/openblas/lib -L/usr/local/opt/openssl@1.1/lib -L/usr/local/opt/sqlite/lib -L/usr/local/opt/readline/lib -L/usr/local/opt/lapack/lib -L/usr/local/opt/open-mpi/lib -L/usr/local/opt/binutils/lib -L/usr/local/opt/boost/lib -L/usr/local/opt/llvm/lib -L/opt/X11/lib -L/usr/local/Cellar/gcc/7.2.0/lib/gcc/7  -L/usr/local/cuda/lib -L/usr/local/cuda/nvvm/lib  CMakeFiles/cmTC_bf498.dir/CheckFunctionExists.c.o  -o cmTC_bf498 /usr/local/lib/libopenblas.dylib /usr/local/lib/libopenblas.dylib 
gmake[1]: Leaving directory '/Users/dojo/py/ceres-solver/build/CMakeFiles/CMakeTmp'


Performing C++ SOURCE FILE Test COMPILER_HAS_CXX11_FLAG succeeded with the following output:
Change Dir: /Users/dojo/py/ceres-solver/build/CMakeFiles/CMakeTmp

Run Build Command:"/usr/local/bin/gmake" "cmTC_93c59/fast"
/usr/local/bin/gmake -f CMakeFiles/cmTC_93c59.dir/build.make CMakeFiles/cmTC_93c59.dir/build
gmake[1]: Entering directory '/Users/dojo/py/ceres-solver/build/CMakeFiles/CMakeTmp'
Building CXX object CMakeFiles/cmTC_93c59.dir/src.cxx.o
/usr/local/bin/mpicxx    -DCOMPILER_HAS_CXX11_FLAG -isysroot /Applications/Xcode.app/Contents/Developer/Platforms/MacOSX.platform/Developer/SDKs/MacOSX10.13.sdk -mmacosx-version-min=10.13   -std=c++11 -o CMakeFiles/cmTC_93c59.dir/src.cxx.o -c /Users/dojo/py/ceres-solver/build/CMakeFiles/CMakeTmp/src.cxx
Linking CXX executable cmTC_93c59
/usr/local/Cellar/cmake/3.9.2/bin/cmake -E cmake_link_script CMakeFiles/cmTC_93c59.dir/link.txt --verbose=1
/usr/local/bin/mpicxx   -DCOMPILER_HAS_CXX11_FLAG -isysroot /Applications/Xcode.app/Contents/Developer/Platforms/MacOSX.platform/Developer/SDKs/MacOSX10.13.sdk -mmacosx-version-min=10.13 -Wl,-search_paths_first -Wl,-headerpad_max_install_names -L/usr/local/opt/tbb/lib -L/usr/local/opt/grt/lib -L/usr/local/opt/bison/lib -L/usr/local/opt/gettext/lib -L/usr/local/opt/zlib/lib -L/usr/local/opt/openblas/lib -L/usr/local/opt/openssl@1.1/lib -L/usr/local/opt/sqlite/lib -L/usr/local/opt/readline/lib -L/usr/local/opt/lapack/lib -L/usr/local/opt/open-mpi/lib -L/usr/local/opt/binutils/lib -L/usr/local/opt/boost/lib -L/usr/local/opt/llvm/lib -L/opt/X11/lib -L/usr/local/Cellar/gcc/7.2.0/lib/gcc/7  -L/usr/local/cuda/lib -L/usr/local/cuda/nvvm/lib  CMakeFiles/cmTC_93c59.dir/src.cxx.o  -o cmTC_93c59 
gmake[1]: Leaving directory '/Users/dojo/py/ceres-solver/build/CMakeFiles/CMakeTmp'

Source file was:
int main() { return 0; }
Determining if the include file unordered_map exists passed with the following output:
Change Dir: /Users/dojo/py/ceres-solver/build/CMakeFiles/CMakeTmp

Run Build Command:"/usr/local/bin/gmake" "cmTC_ccb12/fast"
/usr/local/bin/gmake -f CMakeFiles/cmTC_ccb12.dir/build.make CMakeFiles/cmTC_ccb12.dir/build
gmake[1]: Entering directory '/Users/dojo/py/ceres-solver/build/CMakeFiles/CMakeTmp'
Building CXX object CMakeFiles/cmTC_ccb12.dir/CheckIncludeFile.cxx.o
/usr/local/bin/mpicxx    -isysroot /Applications/Xcode.app/Contents/Developer/Platforms/MacOSX.platform/Developer/SDKs/MacOSX10.13.sdk -mmacosx-version-min=10.13   -o CMakeFiles/cmTC_ccb12.dir/CheckIncludeFile.cxx.o -c /Users/dojo/py/ceres-solver/build/CMakeFiles/CMakeTmp/CheckIncludeFile.cxx
Linking CXX executable cmTC_ccb12
/usr/local/Cellar/cmake/3.9.2/bin/cmake -E cmake_link_script CMakeFiles/cmTC_ccb12.dir/link.txt --verbose=1
/usr/local/bin/mpicxx    -isysroot /Applications/Xcode.app/Contents/Developer/Platforms/MacOSX.platform/Developer/SDKs/MacOSX10.13.sdk -mmacosx-version-min=10.13 -Wl,-search_paths_first -Wl,-headerpad_max_install_names -L/usr/local/opt/tbb/lib -L/usr/local/opt/grt/lib -L/usr/local/opt/bison/lib -L/usr/local/opt/gettext/lib -L/usr/local/opt/zlib/lib -L/usr/local/opt/openblas/lib -L/usr/local/opt/openssl@1.1/lib -L/usr/local/opt/sqlite/lib -L/usr/local/opt/readline/lib -L/usr/local/opt/lapack/lib -L/usr/local/opt/open-mpi/lib -L/usr/local/opt/binutils/lib -L/usr/local/opt/boost/lib -L/usr/local/opt/llvm/lib -L/opt/X11/lib -L/usr/local/Cellar/gcc/7.2.0/lib/gcc/7  -L/usr/local/cuda/lib -L/usr/local/cuda/nvvm/lib  CMakeFiles/cmTC_ccb12.dir/CheckIncludeFile.cxx.o  -o cmTC_ccb12 
gmake[1]: Leaving directory '/Users/dojo/py/ceres-solver/build/CMakeFiles/CMakeTmp'


Performing C++ SOURCE FILE Test HAVE_UNORDERED_MAP_IN_STD_NAMESPACE succeeded with the following output:
Change Dir: /Users/dojo/py/ceres-solver/build/CMakeFiles/CMakeTmp

Run Build Command:"/usr/local/bin/gmake" "cmTC_fcae3/fast"
/usr/local/bin/gmake -f CMakeFiles/cmTC_fcae3.dir/build.make CMakeFiles/cmTC_fcae3.dir/build
gmake[1]: Entering directory '/Users/dojo/py/ceres-solver/build/CMakeFiles/CMakeTmp'
Building CXX object CMakeFiles/cmTC_fcae3.dir/src.cxx.o
/usr/local/bin/mpicxx    -DHAVE_UNORDERED_MAP_IN_STD_NAMESPACE -isysroot /Applications/Xcode.app/Contents/Developer/Platforms/MacOSX.platform/Developer/SDKs/MacOSX10.13.sdk -mmacosx-version-min=10.13   -o CMakeFiles/cmTC_fcae3.dir/src.cxx.o -c /Users/dojo/py/ceres-solver/build/CMakeFiles/CMakeTmp/src.cxx
Linking CXX executable cmTC_fcae3
/usr/local/Cellar/cmake/3.9.2/bin/cmake -E cmake_link_script CMakeFiles/cmTC_fcae3.dir/link.txt --verbose=1
/usr/local/bin/mpicxx   -DHAVE_UNORDERED_MAP_IN_STD_NAMESPACE -isysroot /Applications/Xcode.app/Contents/Developer/Platforms/MacOSX.platform/Developer/SDKs/MacOSX10.13.sdk -mmacosx-version-min=10.13 -Wl,-search_paths_first -Wl,-headerpad_max_install_names -L/usr/local/opt/tbb/lib -L/usr/local/opt/grt/lib -L/usr/local/opt/bison/lib -L/usr/local/opt/gettext/lib -L/usr/local/opt/zlib/lib -L/usr/local/opt/openblas/lib -L/usr/local/opt/openssl@1.1/lib -L/usr/local/opt/sqlite/lib -L/usr/local/opt/readline/lib -L/usr/local/opt/lapack/lib -L/usr/local/opt/open-mpi/lib -L/usr/local/opt/binutils/lib -L/usr/local/opt/boost/lib -L/usr/local/opt/llvm/lib -L/opt/X11/lib -L/usr/local/Cellar/gcc/7.2.0/lib/gcc/7  -L/usr/local/cuda/lib -L/usr/local/cuda/nvvm/lib  CMakeFiles/cmTC_fcae3.dir/src.cxx.o  -o cmTC_fcae3 
gmake[1]: Leaving directory '/Users/dojo/py/ceres-solver/build/CMakeFiles/CMakeTmp'

Source file was:
#include <unordered_map>
                               int main() {
                                 std::unordered_map<int, int> map;
                                 return 0;
                               }
Determining if the include file memory exists passed with the following output:
Change Dir: /Users/dojo/py/ceres-solver/build/CMakeFiles/CMakeTmp

Run Build Command:"/usr/local/bin/gmake" "cmTC_e264d/fast"
/usr/local/bin/gmake -f CMakeFiles/cmTC_e264d.dir/build.make CMakeFiles/cmTC_e264d.dir/build
gmake[1]: Entering directory '/Users/dojo/py/ceres-solver/build/CMakeFiles/CMakeTmp'
Building CXX object CMakeFiles/cmTC_e264d.dir/CheckIncludeFile.cxx.o
/usr/local/bin/mpicxx    -isysroot /Applications/Xcode.app/Contents/Developer/Platforms/MacOSX.platform/Developer/SDKs/MacOSX10.13.sdk -mmacosx-version-min=10.13   -o CMakeFiles/cmTC_e264d.dir/CheckIncludeFile.cxx.o -c /Users/dojo/py/ceres-solver/build/CMakeFiles/CMakeTmp/CheckIncludeFile.cxx
Linking CXX executable cmTC_e264d
/usr/local/Cellar/cmake/3.9.2/bin/cmake -E cmake_link_script CMakeFiles/cmTC_e264d.dir/link.txt --verbose=1
/usr/local/bin/mpicxx    -isysroot /Applications/Xcode.app/Contents/Developer/Platforms/MacOSX.platform/Developer/SDKs/MacOSX10.13.sdk -mmacosx-version-min=10.13 -Wl,-search_paths_first -Wl,-headerpad_max_install_names -L/usr/local/opt/tbb/lib -L/usr/local/opt/grt/lib -L/usr/local/opt/bison/lib -L/usr/local/opt/gettext/lib -L/usr/local/opt/zlib/lib -L/usr/local/opt/openblas/lib -L/usr/local/opt/openssl@1.1/lib -L/usr/local/opt/sqlite/lib -L/usr/local/opt/readline/lib -L/usr/local/opt/lapack/lib -L/usr/local/opt/open-mpi/lib -L/usr/local/opt/binutils/lib -L/usr/local/opt/boost/lib -L/usr/local/opt/llvm/lib -L/opt/X11/lib -L/usr/local/Cellar/gcc/7.2.0/lib/gcc/7  -L/usr/local/cuda/lib -L/usr/local/cuda/nvvm/lib  CMakeFiles/cmTC_e264d.dir/CheckIncludeFile.cxx.o  -o cmTC_e264d 
gmake[1]: Leaving directory '/Users/dojo/py/ceres-solver/build/CMakeFiles/CMakeTmp'


Performing C++ SOURCE FILE Test HAVE_SHARED_PTR_IN_STD_NAMESPACE succeeded with the following output:
Change Dir: /Users/dojo/py/ceres-solver/build/CMakeFiles/CMakeTmp

Run Build Command:"/usr/local/bin/gmake" "cmTC_40b37/fast"
/usr/local/bin/gmake -f CMakeFiles/cmTC_40b37.dir/build.make CMakeFiles/cmTC_40b37.dir/build
gmake[1]: Entering directory '/Users/dojo/py/ceres-solver/build/CMakeFiles/CMakeTmp'
Building CXX object CMakeFiles/cmTC_40b37.dir/src.cxx.o
/usr/local/bin/mpicxx    -DHAVE_SHARED_PTR_IN_STD_NAMESPACE -isysroot /Applications/Xcode.app/Contents/Developer/Platforms/MacOSX.platform/Developer/SDKs/MacOSX10.13.sdk -mmacosx-version-min=10.13   -o CMakeFiles/cmTC_40b37.dir/src.cxx.o -c /Users/dojo/py/ceres-solver/build/CMakeFiles/CMakeTmp/src.cxx
Linking CXX executable cmTC_40b37
/usr/local/Cellar/cmake/3.9.2/bin/cmake -E cmake_link_script CMakeFiles/cmTC_40b37.dir/link.txt --verbose=1
/usr/local/bin/mpicxx   -DHAVE_SHARED_PTR_IN_STD_NAMESPACE -isysroot /Applications/Xcode.app/Contents/Developer/Platforms/MacOSX.platform/Developer/SDKs/MacOSX10.13.sdk -mmacosx-version-min=10.13 -Wl,-search_paths_first -Wl,-headerpad_max_install_names -L/usr/local/opt/tbb/lib -L/usr/local/opt/grt/lib -L/usr/local/opt/bison/lib -L/usr/local/opt/gettext/lib -L/usr/local/opt/zlib/lib -L/usr/local/opt/openblas/lib -L/usr/local/opt/openssl@1.1/lib -L/usr/local/opt/sqlite/lib -L/usr/local/opt/readline/lib -L/usr/local/opt/lapack/lib -L/usr/local/opt/open-mpi/lib -L/usr/local/opt/binutils/lib -L/usr/local/opt/boost/lib -L/usr/local/opt/llvm/lib -L/opt/X11/lib -L/usr/local/Cellar/gcc/7.2.0/lib/gcc/7  -L/usr/local/cuda/lib -L/usr/local/cuda/nvvm/lib  CMakeFiles/cmTC_40b37.dir/src.cxx.o  -o cmTC_40b37 
gmake[1]: Leaving directory '/Users/dojo/py/ceres-solver/build/CMakeFiles/CMakeTmp'

Source file was:
#include <memory>
                               int main() {
                                 std::shared_ptr<int> int_ptr;
                                 return 0;
                               }
Performing C++ SOURCE FILE Test HAVE_RETURN_TYPE_C_LINKAGE succeeded with the following output:
Change Dir: /Users/dojo/py/ceres-solver/build/CMakeFiles/CMakeTmp

Run Build Command:"/usr/local/bin/gmake" "cmTC_d49c7/fast"
/usr/local/bin/gmake -f CMakeFiles/cmTC_d49c7.dir/build.make CMakeFiles/cmTC_d49c7.dir/build
gmake[1]: Entering directory '/Users/dojo/py/ceres-solver/build/CMakeFiles/CMakeTmp'
Building CXX object CMakeFiles/cmTC_d49c7.dir/src.cxx.o
/usr/local/bin/mpicxx    -Wno-unknown-pragmas -Wno-sign-compare -Wno-unused-parameter -Wno-missing-field-initializers -Qunused-arguments -mllvm -inline-threshold=600 -DHAVE_RETURN_TYPE_C_LINKAGE -isysroot /Applications/Xcode.app/Contents/Developer/Platforms/MacOSX.platform/Developer/SDKs/MacOSX10.13.sdk -mmacosx-version-min=10.13   -Wno-return-type-c-linkage -o CMakeFiles/cmTC_d49c7.dir/src.cxx.o -c /Users/dojo/py/ceres-solver/build/CMakeFiles/CMakeTmp/src.cxx
Linking CXX executable cmTC_d49c7
/usr/local/Cellar/cmake/3.9.2/bin/cmake -E cmake_link_script CMakeFiles/cmTC_d49c7.dir/link.txt --verbose=1
/usr/local/bin/mpicxx   -Wno-unknown-pragmas -Wno-sign-compare -Wno-unused-parameter -Wno-missing-field-initializers -Qunused-arguments -mllvm -inline-threshold=600 -DHAVE_RETURN_TYPE_C_LINKAGE -isysroot /Applications/Xcode.app/Contents/Developer/Platforms/MacOSX.platform/Developer/SDKs/MacOSX10.13.sdk -mmacosx-version-min=10.13 -Wl,-search_paths_first -Wl,-headerpad_max_install_names -L/usr/local/opt/tbb/lib -L/usr/local/opt/grt/lib -L/usr/local/opt/bison/lib -L/usr/local/opt/gettext/lib -L/usr/local/opt/zlib/lib -L/usr/local/opt/openblas/lib -L/usr/local/opt/openssl@1.1/lib -L/usr/local/opt/sqlite/lib -L/usr/local/opt/readline/lib -L/usr/local/opt/lapack/lib -L/usr/local/opt/open-mpi/lib -L/usr/local/opt/binutils/lib -L/usr/local/opt/boost/lib -L/usr/local/opt/llvm/lib -L/opt/X11/lib -L/usr/local/Cellar/gcc/7.2.0/lib/gcc/7  -L/usr/local/cuda/lib -L/usr/local/cuda/nvvm/lib  CMakeFiles/cmTC_d49c7.dir/src.cxx.o  -o cmTC_d49c7 
gmake[1]: Leaving directory '/Users/dojo/py/ceres-solver/build/CMakeFiles/CMakeTmp'

Source file was:
int main() { return 0; }
Determining if the include file unordered_map exists passed with the following output:
Change Dir: /Users/dojo/py/ceres-solver/build/CMakeFiles/CMakeTmp

Run Build Command:"/usr/local/bin/gmake" "cmTC_8da09/fast"
/usr/local/bin/gmake -f CMakeFiles/cmTC_8da09.dir/build.make CMakeFiles/cmTC_8da09.dir/build
gmake[1]: Entering directory '/Users/dojo/py/ceres-solver/build/CMakeFiles/CMakeTmp'
Building CXX object CMakeFiles/cmTC_8da09.dir/CheckIncludeFile.cxx.o
/usr/local/bin/mpicxx    -isysroot /Applications/Xcode.app/Contents/Developer/Platforms/MacOSX.platform/Developer/SDKs/MacOSX10.13.sdk -mmacosx-version-min=10.13   -o CMakeFiles/cmTC_8da09.dir/CheckIncludeFile.cxx.o -c /Users/dojo/py/ceres-solver/build/CMakeFiles/CMakeTmp/CheckIncludeFile.cxx
Linking CXX executable cmTC_8da09
/usr/local/Cellar/cmake/3.9.2/bin/cmake -E cmake_link_script CMakeFiles/cmTC_8da09.dir/link.txt --verbose=1
/usr/local/bin/mpicxx    -isysroot /Applications/Xcode.app/Contents/Developer/Platforms/MacOSX.platform/Developer/SDKs/MacOSX10.13.sdk -mmacosx-version-min=10.13 -Wl,-search_paths_first -Wl,-headerpad_max_install_names -L/usr/local/opt/tbb/lib -L/usr/local/opt/grt/lib -L/usr/local/opt/bison/lib -L/usr/local/opt/gettext/lib -L/usr/local/opt/zlib/lib -L/usr/local/opt/openblas/lib -L/usr/local/opt/openssl@1.1/lib -L/usr/local/opt/sqlite/lib -L/usr/local/opt/readline/lib -L/usr/local/opt/lapack/lib -L/usr/local/opt/open-mpi/lib -L/usr/local/opt/binutils/lib -L/usr/local/opt/boost/lib -L/usr/local/opt/llvm/lib -L/opt/X11/lib -L/usr/local/Cellar/gcc/7.2.0/lib/gcc/7  -L/usr/local/cuda/lib -L/usr/local/cuda/nvvm/lib  CMakeFiles/cmTC_8da09.dir/CheckIncludeFile.cxx.o  -o cmTC_8da09 
gmake[1]: Leaving directory '/Users/dojo/py/ceres-solver/build/CMakeFiles/CMakeTmp'


Performing C++ SOURCE FILE Test HAVE_UNORDERED_MAP_IN_STD_NAMESPACE succeeded with the following output:
Change Dir: /Users/dojo/py/ceres-solver/build/CMakeFiles/CMakeTmp

Run Build Command:"/usr/local/bin/gmake" "cmTC_18cbe/fast"
/usr/local/bin/gmake -f CMakeFiles/cmTC_18cbe.dir/build.make CMakeFiles/cmTC_18cbe.dir/build
gmake[1]: Entering directory '/Users/dojo/py/ceres-solver/build/CMakeFiles/CMakeTmp'
Building CXX object CMakeFiles/cmTC_18cbe.dir/src.cxx.o
/usr/local/bin/mpicxx    -DHAVE_UNORDERED_MAP_IN_STD_NAMESPACE -isysroot /Applications/Xcode.app/Contents/Developer/Platforms/MacOSX.platform/Developer/SDKs/MacOSX10.13.sdk -mmacosx-version-min=10.13   -o CMakeFiles/cmTC_18cbe.dir/src.cxx.o -c /Users/dojo/py/ceres-solver/build/CMakeFiles/CMakeTmp/src.cxx
Linking CXX executable cmTC_18cbe
/usr/local/Cellar/cmake/3.9.2/bin/cmake -E cmake_link_script CMakeFiles/cmTC_18cbe.dir/link.txt --verbose=1
/usr/local/bin/mpicxx   -DHAVE_UNORDERED_MAP_IN_STD_NAMESPACE -isysroot /Applications/Xcode.app/Contents/Developer/Platforms/MacOSX.platform/Developer/SDKs/MacOSX10.13.sdk -mmacosx-version-min=10.13 -Wl,-search_paths_first -Wl,-headerpad_max_install_names -L/usr/local/opt/tbb/lib -L/usr/local/opt/grt/lib -L/usr/local/opt/bison/lib -L/usr/local/opt/gettext/lib -L/usr/local/opt/zlib/lib -L/usr/local/opt/openblas/lib -L/usr/local/opt/openssl@1.1/lib -L/usr/local/opt/sqlite/lib -L/usr/local/opt/readline/lib -L/usr/local/opt/lapack/lib -L/usr/local/opt/open-mpi/lib -L/usr/local/opt/binutils/lib -L/usr/local/opt/boost/lib -L/usr/local/opt/llvm/lib -L/opt/X11/lib -L/usr/local/Cellar/gcc/7.2.0/lib/gcc/7  -L/usr/local/cuda/lib -L/usr/local/cuda/nvvm/lib  CMakeFiles/cmTC_18cbe.dir/src.cxx.o  -o cmTC_18cbe 
gmake[1]: Leaving directory '/Users/dojo/py/ceres-solver/build/CMakeFiles/CMakeTmp'

Source file was:
#include <unordered_map>
                               int main() {
                                 std::unordered_map<int, int> map;
                                 return 0;
                               }
Determining if the include file memory exists passed with the following output:
Change Dir: /Users/dojo/py/ceres-solver/build/CMakeFiles/CMakeTmp

Run Build Command:"/usr/local/bin/gmake" "cmTC_20fc8/fast"
/usr/local/bin/gmake -f CMakeFiles/cmTC_20fc8.dir/build.make CMakeFiles/cmTC_20fc8.dir/build
gmake[1]: Entering directory '/Users/dojo/py/ceres-solver/build/CMakeFiles/CMakeTmp'
Building CXX object CMakeFiles/cmTC_20fc8.dir/CheckIncludeFile.cxx.o
/usr/local/bin/mpicxx    -isysroot /Applications/Xcode.app/Contents/Developer/Platforms/MacOSX.platform/Developer/SDKs/MacOSX10.13.sdk -mmacosx-version-min=10.13   -o CMakeFiles/cmTC_20fc8.dir/CheckIncludeFile.cxx.o -c /Users/dojo/py/ceres-solver/build/CMakeFiles/CMakeTmp/CheckIncludeFile.cxx
Linking CXX executable cmTC_20fc8
/usr/local/Cellar/cmake/3.9.2/bin/cmake -E cmake_link_script CMakeFiles/cmTC_20fc8.dir/link.txt --verbose=1
/usr/local/bin/mpicxx    -isysroot /Applications/Xcode.app/Contents/Developer/Platforms/MacOSX.platform/Developer/SDKs/MacOSX10.13.sdk -mmacosx-version-min=10.13 -Wl,-search_paths_first -Wl,-headerpad_max_install_names -L/usr/local/opt/tbb/lib -L/usr/local/opt/grt/lib -L/usr/local/opt/bison/lib -L/usr/local/opt/gettext/lib -L/usr/local/opt/zlib/lib -L/usr/local/opt/openblas/lib -L/usr/local/opt/openssl@1.1/lib -L/usr/local/opt/sqlite/lib -L/usr/local/opt/readline/lib -L/usr/local/opt/lapack/lib -L/usr/local/opt/open-mpi/lib -L/usr/local/opt/binutils/lib -L/usr/local/opt/boost/lib -L/usr/local/opt/llvm/lib -L/opt/X11/lib -L/usr/local/Cellar/gcc/7.2.0/lib/gcc/7  -L/usr/local/cuda/lib -L/usr/local/cuda/nvvm/lib  CMakeFiles/cmTC_20fc8.dir/CheckIncludeFile.cxx.o  -o cmTC_20fc8 
gmake[1]: Leaving directory '/Users/dojo/py/ceres-solver/build/CMakeFiles/CMakeTmp'


Performing C++ SOURCE FILE Test HAVE_SHARED_PTR_IN_STD_NAMESPACE succeeded with the following output:
Change Dir: /Users/dojo/py/ceres-solver/build/CMakeFiles/CMakeTmp

Run Build Command:"/usr/local/bin/gmake" "cmTC_13e58/fast"
/usr/local/bin/gmake -f CMakeFiles/cmTC_13e58.dir/build.make CMakeFiles/cmTC_13e58.dir/build
gmake[1]: Entering directory '/Users/dojo/py/ceres-solver/build/CMakeFiles/CMakeTmp'
Building CXX object CMakeFiles/cmTC_13e58.dir/src.cxx.o
/usr/local/bin/mpicxx    -DHAVE_SHARED_PTR_IN_STD_NAMESPACE -isysroot /Applications/Xcode.app/Contents/Developer/Platforms/MacOSX.platform/Developer/SDKs/MacOSX10.13.sdk -mmacosx-version-min=10.13   -o CMakeFiles/cmTC_13e58.dir/src.cxx.o -c /Users/dojo/py/ceres-solver/build/CMakeFiles/CMakeTmp/src.cxx
Linking CXX executable cmTC_13e58
/usr/local/Cellar/cmake/3.9.2/bin/cmake -E cmake_link_script CMakeFiles/cmTC_13e58.dir/link.txt --verbose=1
/usr/local/bin/mpicxx   -DHAVE_SHARED_PTR_IN_STD_NAMESPACE -isysroot /Applications/Xcode.app/Contents/Developer/Platforms/MacOSX.platform/Developer/SDKs/MacOSX10.13.sdk -mmacosx-version-min=10.13 -Wl,-search_paths_first -Wl,-headerpad_max_install_names -L/usr/local/opt/tbb/lib -L/usr/local/opt/grt/lib -L/usr/local/opt/bison/lib -L/usr/local/opt/gettext/lib -L/usr/local/opt/zlib/lib -L/usr/local/opt/openblas/lib -L/usr/local/opt/openssl@1.1/lib -L/usr/local/opt/sqlite/lib -L/usr/local/opt/readline/lib -L/usr/local/opt/lapack/lib -L/usr/local/opt/open-mpi/lib -L/usr/local/opt/binutils/lib -L/usr/local/opt/boost/lib -L/usr/local/opt/llvm/lib -L/opt/X11/lib -L/usr/local/Cellar/gcc/7.2.0/lib/gcc/7  -L/usr/local/cuda/lib -L/usr/local/cuda/nvvm/lib  CMakeFiles/cmTC_13e58.dir/src.cxx.o  -o cmTC_13e58 
gmake[1]: Leaving directory '/Users/dojo/py/ceres-solver/build/CMakeFiles/CMakeTmp'

Source file was:
#include <memory>
                               int main() {
                                 std::shared_ptr<int> int_ptr;
                                 return 0;
                               }
